2021-02-06 20:02:36,041 - ImageProcessing - INFO - change_camera:156 - Changing camera
2021-02-06 20:02:36,041 - ImageProcessing - WARNING - change_camera:167 - 'noise_variance' not explicitly defined by new camera, defaulting to 0
2021-02-06 20:02:36,041 - ImageProcessing - WARNING - change_camera:176 - 'exposure_limits' not explicitly defined by new camera, defaulting to (0, 1)
2021-02-06 20:02:36,041 - ImageProcessing - WARNING - change_camera:185 - 'bit_depth' not explicitly defined by new camera, defaulting to 0
2021-02-06 20:02:36,041 - ImageProcessing - WARNING - change_camera:194 - 'blur_variance' not explicitly defined by new camera, defaulting to 0
2021-02-06 20:02:36,047 - ImageProcessing - WARNING - change_camera:203 - 'rotational_variance' not explicitly defined by new camera, defaulting to 0
2021-02-06 20:02:36,047 - ImageProcessing - WARNING - change_camera:212 - 'stretch_variance' not explicitly defined by new camera, defaulting to 0
2021-02-06 20:02:36,080 - Utils - INFO - get_strategy:71 - Loading strategy 'stage_change_test'
2021-02-06 20:02:36,080 - DataHandling - INFO - __init__:376 - 
_____| Dataset |_____

2021-02-06 20:02:36,080 - DataHandling - INFO - __init__:377 - Max order of mode: 3

2021-02-06 20:02:36,080 - DataHandling - DEBUG - __init__:382 - [Hermite(0, 0, 1.0, 0.0), Hermite(0, 1, 1.0, 0.0), Hermite(0, 2, 1.0, 0.0), Hermite(1, 0, 1.0, 0.0), Hermite(1, 1, 1.0, 0.0), Hermite(1, 2, 1.0, 0.0), Hermite(2, 0, 1.0, 0.0), Hermite(2, 1, 1.0, 0.0), Hermite(2, 2, 1.0, 0.0), Laguerre(0, 0, 1.0, 0.0)]
2021-02-06 20:02:36,118 - Utils - INFO - get_cams:52 - Loading camera 'medium_errors'
2021-02-06 20:02:36,119 - ImageProcessing - INFO - change_camera:156 - Changing camera
2021-02-06 20:02:36,119 - ImageProcessing - DEBUG - change_camera:163 - New 'noise_variance' is 0.1
2021-02-06 20:02:36,119 - ImageProcessing - DEBUG - change_camera:172 - New 'exposure_limits' is [0.3, 1]
2021-02-06 20:02:36,119 - ImageProcessing - DEBUG - change_camera:181 - New 'bit_depth' is 8
2021-02-06 20:02:36,119 - ImageProcessing - DEBUG - change_camera:190 - New 'blur_variance' is 0.2
2021-02-06 20:02:36,119 - ImageProcessing - DEBUG - change_camera:199 - New 'rotational_variance' is 0.2
2021-02-06 20:02:36,119 - ImageProcessing - DEBUG - change_camera:208 - New 'stretch_variance' is 0.0
2021-02-06 20:02:44,652 - ImageProcessing - INFO - change_camera:156 - Changing camera
2021-02-06 20:02:44,652 - ImageProcessing - WARNING - change_camera:167 - 'noise_variance' not explicitly defined by new camera, defaulting to 0
2021-02-06 20:02:44,652 - ImageProcessing - WARNING - change_camera:176 - 'exposure_limits' not explicitly defined by new camera, defaulting to (0, 1)
2021-02-06 20:02:44,652 - ImageProcessing - WARNING - change_camera:185 - 'bit_depth' not explicitly defined by new camera, defaulting to 0
2021-02-06 20:02:44,652 - ImageProcessing - WARNING - change_camera:194 - 'blur_variance' not explicitly defined by new camera, defaulting to 0
2021-02-06 20:02:44,653 - ImageProcessing - WARNING - change_camera:203 - 'rotational_variance' not explicitly defined by new camera, defaulting to 0
2021-02-06 20:02:44,653 - ImageProcessing - WARNING - change_camera:212 - 'stretch_variance' not explicitly defined by new camera, defaulting to 0
2021-02-06 20:02:44,685 - Utils - INFO - get_strategy:71 - Loading strategy 'stage_change_test'
2021-02-06 20:02:44,685 - DataHandling - INFO - __init__:376 - 
_____| Dataset |_____

2021-02-06 20:02:44,685 - DataHandling - INFO - __init__:377 - Max order of mode: 3

2021-02-06 20:02:44,685 - DataHandling - DEBUG - __init__:382 - [Hermite(0, 0, 1.0, 0.0), Hermite(0, 1, 1.0, 0.0), Hermite(0, 2, 1.0, 0.0), Hermite(1, 0, 1.0, 0.0), Hermite(1, 1, 1.0, 0.0), Hermite(1, 2, 1.0, 0.0), Hermite(2, 0, 1.0, 0.0), Hermite(2, 1, 1.0, 0.0), Hermite(2, 2, 1.0, 0.0), Laguerre(0, 0, 1.0, 0.0)]
2021-02-06 20:02:44,718 - Utils - INFO - get_cams:52 - Loading camera 'medium_errors'
2021-02-06 20:02:44,719 - ImageProcessing - INFO - change_camera:156 - Changing camera
2021-02-06 20:02:44,719 - ImageProcessing - DEBUG - change_camera:163 - New 'noise_variance' is 0.1
2021-02-06 20:02:44,719 - ImageProcessing - DEBUG - change_camera:172 - New 'exposure_limits' is [0.3, 1]
2021-02-06 20:02:44,719 - ImageProcessing - DEBUG - change_camera:181 - New 'bit_depth' is 8
2021-02-06 20:02:44,719 - ImageProcessing - DEBUG - change_camera:190 - New 'blur_variance' is 0.2
2021-02-06 20:02:44,719 - ImageProcessing - DEBUG - change_camera:199 - New 'rotational_variance' is 0.2
2021-02-06 20:02:44,719 - ImageProcessing - DEBUG - change_camera:208 - New 'stretch_variance' is 0.0
2021-02-06 20:03:03,173 - ImageProcessing - INFO - change_camera:156 - Changing camera
2021-02-06 20:03:03,173 - ImageProcessing - WARNING - change_camera:167 - 'noise_variance' not explicitly defined by new camera, defaulting to 0
2021-02-06 20:03:03,173 - ImageProcessing - WARNING - change_camera:176 - 'exposure_limits' not explicitly defined by new camera, defaulting to (0, 1)
2021-02-06 20:03:03,173 - ImageProcessing - WARNING - change_camera:185 - 'bit_depth' not explicitly defined by new camera, defaulting to 0
2021-02-06 20:03:03,173 - ImageProcessing - WARNING - change_camera:194 - 'blur_variance' not explicitly defined by new camera, defaulting to 0
2021-02-06 20:03:03,173 - ImageProcessing - WARNING - change_camera:203 - 'rotational_variance' not explicitly defined by new camera, defaulting to 0
2021-02-06 20:03:03,173 - ImageProcessing - WARNING - change_camera:212 - 'stretch_variance' not explicitly defined by new camera, defaulting to 0
2021-02-06 20:03:03,208 - Utils - INFO - get_strategy:71 - Loading strategy 'stage_change_test'
2021-02-06 20:03:03,208 - DataHandling - INFO - __init__:376 - 
_____| Dataset |_____

2021-02-06 20:03:03,208 - DataHandling - INFO - __init__:377 - Max order of mode: 3

2021-02-06 20:03:03,208 - DataHandling - DEBUG - __init__:382 - [Hermite(0, 0, 1.0, 0.0), Hermite(0, 1, 1.0, 0.0), Hermite(0, 2, 1.0, 0.0), Hermite(1, 0, 1.0, 0.0), Hermite(1, 1, 1.0, 0.0), Hermite(1, 2, 1.0, 0.0), Hermite(2, 0, 1.0, 0.0), Hermite(2, 1, 1.0, 0.0), Hermite(2, 2, 1.0, 0.0), Laguerre(0, 0, 1.0, 0.0)]
2021-02-06 20:03:03,247 - Utils - INFO - get_cams:52 - Loading camera 'medium_errors'
2021-02-06 20:03:03,248 - ImageProcessing - INFO - change_camera:156 - Changing camera
2021-02-06 20:03:03,248 - ImageProcessing - DEBUG - change_camera:163 - New 'noise_variance' is 0.1
2021-02-06 20:03:03,248 - ImageProcessing - DEBUG - change_camera:172 - New 'exposure_limits' is [0.3, 1]
2021-02-06 20:03:03,248 - ImageProcessing - DEBUG - change_camera:181 - New 'bit_depth' is 8
2021-02-06 20:03:03,248 - ImageProcessing - DEBUG - change_camera:190 - New 'blur_variance' is 0.2
2021-02-06 20:03:03,248 - ImageProcessing - DEBUG - change_camera:199 - New 'rotational_variance' is 0.0
2021-02-06 20:03:03,248 - ImageProcessing - DEBUG - change_camera:208 - New 'stretch_variance' is 0.2
2021-02-06 20:03:23,461 - ImageProcessing - INFO - change_camera:156 - Changing camera
2021-02-06 20:03:23,462 - ImageProcessing - WARNING - change_camera:167 - 'noise_variance' not explicitly defined by new camera, defaulting to 0
2021-02-06 20:03:23,462 - ImageProcessing - WARNING - change_camera:176 - 'exposure_limits' not explicitly defined by new camera, defaulting to (0, 1)
2021-02-06 20:03:23,462 - ImageProcessing - WARNING - change_camera:185 - 'bit_depth' not explicitly defined by new camera, defaulting to 0
2021-02-06 20:03:23,462 - ImageProcessing - WARNING - change_camera:194 - 'blur_variance' not explicitly defined by new camera, defaulting to 0
2021-02-06 20:03:23,462 - ImageProcessing - WARNING - change_camera:203 - 'rotational_variance' not explicitly defined by new camera, defaulting to 0
2021-02-06 20:03:23,462 - ImageProcessing - WARNING - change_camera:212 - 'stretch_variance' not explicitly defined by new camera, defaulting to 0
2021-02-06 20:03:23,497 - Utils - INFO - get_strategy:71 - Loading strategy 'stage_change_test'
2021-02-06 20:03:23,497 - DataHandling - INFO - __init__:376 - 
_____| Dataset |_____

2021-02-06 20:03:23,497 - DataHandling - INFO - __init__:377 - Max order of mode: 3

2021-02-06 20:03:23,497 - DataHandling - DEBUG - __init__:382 - [Hermite(0, 0, 1.0, 0.0), Hermite(0, 1, 1.0, 0.0), Hermite(0, 2, 1.0, 0.0), Hermite(1, 0, 1.0, 0.0), Hermite(1, 1, 1.0, 0.0), Hermite(1, 2, 1.0, 0.0), Hermite(2, 0, 1.0, 0.0), Hermite(2, 1, 1.0, 0.0), Hermite(2, 2, 1.0, 0.0), Laguerre(0, 0, 1.0, 0.0)]
2021-02-06 20:03:23,534 - Utils - INFO - get_cams:52 - Loading camera 'ideal_camera'
2021-02-06 20:03:23,534 - ImageProcessing - INFO - change_camera:156 - Changing camera
2021-02-06 20:03:23,534 - ImageProcessing - DEBUG - change_camera:163 - New 'noise_variance' is 0
2021-02-06 20:03:23,534 - ImageProcessing - DEBUG - change_camera:172 - New 'exposure_limits' is [0, 1]
2021-02-06 20:03:23,534 - ImageProcessing - DEBUG - change_camera:181 - New 'bit_depth' is 0
2021-02-06 20:03:23,534 - ImageProcessing - DEBUG - change_camera:190 - New 'blur_variance' is 0
2021-02-06 20:03:23,534 - ImageProcessing - DEBUG - change_camera:199 - New 'rotational_variance' is 0
2021-02-06 20:03:23,534 - ImageProcessing - DEBUG - change_camera:208 - New 'stretch_variance' is 0
2021-02-06 20:03:49,862 - ImageProcessing - INFO - change_camera:156 - Changing camera
2021-02-06 20:03:49,862 - ImageProcessing - WARNING - change_camera:167 - 'noise_variance' not explicitly defined by new camera, defaulting to 0
2021-02-06 20:03:49,862 - ImageProcessing - WARNING - change_camera:176 - 'exposure_limits' not explicitly defined by new camera, defaulting to (0, 1)
2021-02-06 20:03:49,862 - ImageProcessing - WARNING - change_camera:185 - 'bit_depth' not explicitly defined by new camera, defaulting to 0
2021-02-06 20:03:49,862 - ImageProcessing - WARNING - change_camera:194 - 'blur_variance' not explicitly defined by new camera, defaulting to 0
2021-02-06 20:03:49,862 - ImageProcessing - WARNING - change_camera:203 - 'rotational_variance' not explicitly defined by new camera, defaulting to 0
2021-02-06 20:03:49,862 - ImageProcessing - WARNING - change_camera:212 - 'stretch_variance' not explicitly defined by new camera, defaulting to 0
2021-02-06 20:03:49,895 - Utils - INFO - get_strategy:71 - Loading strategy 'stage_change_test'
2021-02-06 20:03:49,895 - DataHandling - INFO - __init__:376 - 
_____| Dataset |_____

2021-02-06 20:03:49,895 - DataHandling - INFO - __init__:377 - Max order of mode: 3

2021-02-06 20:03:49,895 - DataHandling - DEBUG - __init__:382 - [Hermite(0, 0, 1.0, 0.0), Hermite(0, 1, 1.0, 0.0), Hermite(0, 2, 1.0, 0.0), Hermite(1, 0, 1.0, 0.0), Hermite(1, 1, 1.0, 0.0), Hermite(1, 2, 1.0, 0.0), Hermite(2, 0, 1.0, 0.0), Hermite(2, 1, 1.0, 0.0), Hermite(2, 2, 1.0, 0.0), Laguerre(0, 0, 1.0, 0.0)]
2021-02-06 20:03:49,934 - Utils - INFO - get_cams:52 - Loading camera 'medium_errors'
2021-02-06 20:03:49,934 - ImageProcessing - INFO - change_camera:156 - Changing camera
2021-02-06 20:03:49,934 - ImageProcessing - DEBUG - change_camera:163 - New 'noise_variance' is 0.1
2021-02-06 20:03:49,934 - ImageProcessing - DEBUG - change_camera:172 - New 'exposure_limits' is [0.3, 1]
2021-02-06 20:03:49,934 - ImageProcessing - DEBUG - change_camera:181 - New 'bit_depth' is 8
2021-02-06 20:03:49,934 - ImageProcessing - DEBUG - change_camera:190 - New 'blur_variance' is 0.0
2021-02-06 20:03:49,934 - ImageProcessing - DEBUG - change_camera:199 - New 'rotational_variance' is 0.2
2021-02-06 20:03:49,934 - ImageProcessing - DEBUG - change_camera:208 - New 'stretch_variance' is 0.2
2021-02-06 20:03:58,123 - ImageProcessing - INFO - change_camera:156 - Changing camera
2021-02-06 20:03:58,123 - ImageProcessing - WARNING - change_camera:167 - 'noise_variance' not explicitly defined by new camera, defaulting to 0
2021-02-06 20:03:58,123 - ImageProcessing - WARNING - change_camera:176 - 'exposure_limits' not explicitly defined by new camera, defaulting to (0, 1)
2021-02-06 20:03:58,123 - ImageProcessing - WARNING - change_camera:185 - 'bit_depth' not explicitly defined by new camera, defaulting to 0
2021-02-06 20:03:58,123 - ImageProcessing - WARNING - change_camera:194 - 'blur_variance' not explicitly defined by new camera, defaulting to 0
2021-02-06 20:03:58,123 - ImageProcessing - WARNING - change_camera:203 - 'rotational_variance' not explicitly defined by new camera, defaulting to 0
2021-02-06 20:03:58,123 - ImageProcessing - WARNING - change_camera:212 - 'stretch_variance' not explicitly defined by new camera, defaulting to 0
2021-02-06 20:03:58,156 - Utils - INFO - get_strategy:71 - Loading strategy 'stage_change_test'
2021-02-06 20:03:58,156 - DataHandling - INFO - __init__:376 - 
_____| Dataset |_____

2021-02-06 20:03:58,156 - DataHandling - INFO - __init__:377 - Max order of mode: 3

2021-02-06 20:03:58,156 - DataHandling - DEBUG - __init__:382 - [Hermite(0, 0, 1.0, 0.0), Hermite(0, 1, 1.0, 0.0), Hermite(0, 2, 1.0, 0.0), Hermite(1, 0, 1.0, 0.0), Hermite(1, 1, 1.0, 0.0), Hermite(1, 2, 1.0, 0.0), Hermite(2, 0, 1.0, 0.0), Hermite(2, 1, 1.0, 0.0), Hermite(2, 2, 1.0, 0.0), Laguerre(0, 0, 1.0, 0.0)]
2021-02-06 20:03:58,190 - Utils - INFO - get_cams:52 - Loading camera 'medium_errors'
2021-02-06 20:03:58,190 - ImageProcessing - INFO - change_camera:156 - Changing camera
2021-02-06 20:03:58,190 - ImageProcessing - DEBUG - change_camera:163 - New 'noise_variance' is 0.1
2021-02-06 20:03:58,190 - ImageProcessing - DEBUG - change_camera:172 - New 'exposure_limits' is [0.3, 1]
2021-02-06 20:03:58,190 - ImageProcessing - DEBUG - change_camera:181 - New 'bit_depth' is 8
2021-02-06 20:03:58,190 - ImageProcessing - DEBUG - change_camera:190 - New 'blur_variance' is 0.0
2021-02-06 20:03:58,190 - ImageProcessing - DEBUG - change_camera:199 - New 'rotational_variance' is 0.2
2021-02-06 20:03:58,190 - ImageProcessing - DEBUG - change_camera:208 - New 'stretch_variance' is 0.2
2021-02-06 20:04:23,166 - ImageProcessing - INFO - change_camera:156 - Changing camera
2021-02-06 20:04:23,166 - ImageProcessing - WARNING - change_camera:167 - 'noise_variance' not explicitly defined by new camera, defaulting to 0
2021-02-06 20:04:23,166 - ImageProcessing - WARNING - change_camera:176 - 'exposure_limits' not explicitly defined by new camera, defaulting to (0, 1)
2021-02-06 20:04:23,166 - ImageProcessing - WARNING - change_camera:185 - 'bit_depth' not explicitly defined by new camera, defaulting to 0
2021-02-06 20:04:23,166 - ImageProcessing - WARNING - change_camera:194 - 'blur_variance' not explicitly defined by new camera, defaulting to 0
2021-02-06 20:04:23,166 - ImageProcessing - WARNING - change_camera:203 - 'rotational_variance' not explicitly defined by new camera, defaulting to 0
2021-02-06 20:04:23,166 - ImageProcessing - WARNING - change_camera:212 - 'stretch_variance' not explicitly defined by new camera, defaulting to 0
2021-02-06 20:04:23,200 - Utils - INFO - get_strategy:71 - Loading strategy 'stage_change_test'
2021-02-06 20:04:23,201 - DataHandling - INFO - __init__:376 - 
_____| Dataset |_____

2021-02-06 20:04:23,201 - DataHandling - INFO - __init__:377 - Max order of mode: 3

2021-02-06 20:04:23,201 - DataHandling - DEBUG - __init__:382 - [Hermite(0, 0, 1.0, 0.0), Hermite(0, 1, 1.0, 0.0), Hermite(0, 2, 1.0, 0.0), Hermite(1, 0, 1.0, 0.0), Hermite(1, 1, 1.0, 0.0), Hermite(1, 2, 1.0, 0.0), Hermite(2, 0, 1.0, 0.0), Hermite(2, 1, 1.0, 0.0), Hermite(2, 2, 1.0, 0.0), Laguerre(0, 0, 1.0, 0.0)]
2021-02-06 20:04:23,239 - Utils - INFO - get_cams:52 - Loading camera 'medium_errors'
2021-02-06 20:04:23,239 - ImageProcessing - INFO - change_camera:156 - Changing camera
2021-02-06 20:04:23,239 - ImageProcessing - DEBUG - change_camera:163 - New 'noise_variance' is 0.1
2021-02-06 20:04:23,240 - ImageProcessing - DEBUG - change_camera:172 - New 'exposure_limits' is [0.3, 1]
2021-02-06 20:04:23,240 - ImageProcessing - DEBUG - change_camera:181 - New 'bit_depth' is 0
2021-02-06 20:04:23,240 - ImageProcessing - DEBUG - change_camera:190 - New 'blur_variance' is 0.2
2021-02-06 20:04:23,240 - ImageProcessing - DEBUG - change_camera:199 - New 'rotational_variance' is 0.2
2021-02-06 20:04:23,240 - ImageProcessing - DEBUG - change_camera:208 - New 'stretch_variance' is 0.2
2021-02-06 20:04:33,587 - ImageProcessing - INFO - change_camera:156 - Changing camera
2021-02-06 20:04:33,587 - ImageProcessing - WARNING - change_camera:167 - 'noise_variance' not explicitly defined by new camera, defaulting to 0
2021-02-06 20:04:33,588 - ImageProcessing - WARNING - change_camera:176 - 'exposure_limits' not explicitly defined by new camera, defaulting to (0, 1)
2021-02-06 20:04:33,588 - ImageProcessing - WARNING - change_camera:185 - 'bit_depth' not explicitly defined by new camera, defaulting to 0
2021-02-06 20:04:33,588 - ImageProcessing - WARNING - change_camera:194 - 'blur_variance' not explicitly defined by new camera, defaulting to 0
2021-02-06 20:04:33,588 - ImageProcessing - WARNING - change_camera:203 - 'rotational_variance' not explicitly defined by new camera, defaulting to 0
2021-02-06 20:04:33,588 - ImageProcessing - WARNING - change_camera:212 - 'stretch_variance' not explicitly defined by new camera, defaulting to 0
2021-02-06 20:04:33,622 - Utils - INFO - get_strategy:71 - Loading strategy 'stage_change_test'
2021-02-06 20:04:33,622 - DataHandling - INFO - __init__:376 - 
_____| Dataset |_____

2021-02-06 20:04:33,622 - DataHandling - INFO - __init__:377 - Max order of mode: 3

2021-02-06 20:04:33,623 - DataHandling - DEBUG - __init__:382 - [Hermite(0, 0, 1.0, 0.0), Hermite(0, 1, 1.0, 0.0), Hermite(0, 2, 1.0, 0.0), Hermite(1, 0, 1.0, 0.0), Hermite(1, 1, 1.0, 0.0), Hermite(1, 2, 1.0, 0.0), Hermite(2, 0, 1.0, 0.0), Hermite(2, 1, 1.0, 0.0), Hermite(2, 2, 1.0, 0.0), Laguerre(0, 0, 1.0, 0.0)]
2021-02-06 20:04:33,658 - Utils - INFO - get_cams:52 - Loading camera 'medium_errors'
2021-02-06 20:04:33,658 - ImageProcessing - INFO - change_camera:156 - Changing camera
2021-02-06 20:04:33,658 - ImageProcessing - DEBUG - change_camera:163 - New 'noise_variance' is 0.1
2021-02-06 20:04:33,658 - ImageProcessing - DEBUG - change_camera:172 - New 'exposure_limits' is [0.3, 1]
2021-02-06 20:04:33,658 - ImageProcessing - DEBUG - change_camera:181 - New 'bit_depth' is 0
2021-02-06 20:04:33,658 - ImageProcessing - DEBUG - change_camera:190 - New 'blur_variance' is 0.2
2021-02-06 20:04:33,658 - ImageProcessing - DEBUG - change_camera:199 - New 'rotational_variance' is 0.2
2021-02-06 20:04:33,659 - ImageProcessing - DEBUG - change_camera:208 - New 'stretch_variance' is 0.2
2021-02-06 20:06:05,461 - ImageProcessing - INFO - change_camera:155 - Changing camera
2021-02-06 20:06:05,461 - ImageProcessing - WARNING - change_camera:166 - 'noise_variance' not explicitly defined by new camera, defaulting to 0
2021-02-06 20:06:05,461 - ImageProcessing - WARNING - change_camera:175 - 'exposure_limits' not explicitly defined by new camera, defaulting to (0, 1)
2021-02-06 20:06:05,461 - ImageProcessing - WARNING - change_camera:185 - 'bit_depth' not explicitly defined by new camera, defaulting to 0
2021-02-06 20:06:05,461 - ImageProcessing - WARNING - change_camera:194 - 'blur_variance' not explicitly defined by new camera, defaulting to 0
2021-02-06 20:06:05,461 - ImageProcessing - WARNING - change_camera:203 - 'rotational_variance' not explicitly defined by new camera, defaulting to 0
2021-02-06 20:06:05,461 - ImageProcessing - WARNING - change_camera:212 - 'stretch_variance' not explicitly defined by new camera, defaulting to 0
2021-02-06 20:06:05,495 - Utils - INFO - get_strategy:71 - Loading strategy 'stage_change_test'
2021-02-06 20:06:05,495 - DataHandling - INFO - __init__:376 - 
_____| Dataset |_____

2021-02-06 20:06:05,495 - DataHandling - INFO - __init__:377 - Max order of mode: 3

2021-02-06 20:06:05,496 - DataHandling - DEBUG - __init__:382 - [Hermite(0, 0, 1.0, 0.0), Hermite(0, 1, 1.0, 0.0), Hermite(0, 2, 1.0, 0.0), Hermite(1, 0, 1.0, 0.0), Hermite(1, 1, 1.0, 0.0), Hermite(1, 2, 1.0, 0.0), Hermite(2, 0, 1.0, 0.0), Hermite(2, 1, 1.0, 0.0), Hermite(2, 2, 1.0, 0.0), Laguerre(0, 0, 1.0, 0.0)]
2021-02-06 20:06:05,535 - Utils - INFO - get_cams:52 - Loading camera 'medium_errors'
2021-02-06 20:06:05,535 - ImageProcessing - INFO - change_camera:155 - Changing camera
2021-02-06 20:06:05,535 - ImageProcessing - DEBUG - change_camera:162 - New 'noise_variance' is 0.1
2021-02-06 20:06:05,535 - ImageProcessing - DEBUG - change_camera:171 - New 'exposure_limits' is [0.3, 1]
2021-02-06 20:06:05,535 - ImageProcessing - DEBUG - change_camera:180 - New 'bit_depth' is 8
2021-02-06 20:06:10,965 - ImageProcessing - DEBUG - change_camera:190 - New 'blur_variance' is 0.2
2021-02-06 20:06:10,965 - ImageProcessing - DEBUG - change_camera:199 - New 'rotational_variance' is 0.2
2021-02-06 20:06:10,965 - ImageProcessing - DEBUG - change_camera:208 - New 'stretch_variance' is 0.2
2021-02-06 20:06:32,128 - ImageProcessing - INFO - change_camera:155 - Changing camera
2021-02-06 20:06:32,128 - ImageProcessing - WARNING - change_camera:166 - 'noise_variance' not explicitly defined by new camera, defaulting to 0
2021-02-06 20:06:32,128 - ImageProcessing - WARNING - change_camera:175 - 'exposure_limits' not explicitly defined by new camera, defaulting to (0, 1)
2021-02-06 20:06:32,128 - ImageProcessing - WARNING - change_camera:185 - 'bit_depth' not explicitly defined by new camera, defaulting to 0
2021-02-06 20:06:32,128 - ImageProcessing - WARNING - change_camera:194 - 'blur_variance' not explicitly defined by new camera, defaulting to 0
2021-02-06 20:06:32,128 - ImageProcessing - WARNING - change_camera:203 - 'rotational_variance' not explicitly defined by new camera, defaulting to 0
2021-02-06 20:06:32,128 - ImageProcessing - WARNING - change_camera:212 - 'stretch_variance' not explicitly defined by new camera, defaulting to 0
2021-02-06 20:06:32,161 - Utils - INFO - get_strategy:71 - Loading strategy 'stage_change_test'
2021-02-06 20:06:32,161 - DataHandling - INFO - __init__:376 - 
_____| Dataset |_____

2021-02-06 20:06:32,161 - DataHandling - INFO - __init__:377 - Max order of mode: 3

2021-02-06 20:06:32,162 - DataHandling - DEBUG - __init__:382 - [Hermite(0, 0, 1.0, 0.0), Hermite(0, 1, 1.0, 0.0), Hermite(0, 2, 1.0, 0.0), Hermite(1, 0, 1.0, 0.0), Hermite(1, 1, 1.0, 0.0), Hermite(1, 2, 1.0, 0.0), Hermite(2, 0, 1.0, 0.0), Hermite(2, 1, 1.0, 0.0), Hermite(2, 2, 1.0, 0.0), Laguerre(0, 0, 1.0, 0.0)]
2021-02-06 20:06:32,195 - Utils - INFO - get_cams:52 - Loading camera 'medium_errors'
2021-02-06 20:06:32,196 - ImageProcessing - INFO - change_camera:155 - Changing camera
2021-02-06 20:06:32,196 - ImageProcessing - DEBUG - change_camera:162 - New 'noise_variance' is 0.1
2021-02-06 20:06:32,196 - ImageProcessing - DEBUG - change_camera:171 - New 'exposure_limits' is [0.3, 1]
2021-02-06 20:06:32,196 - ImageProcessing - DEBUG - change_camera:180 - New 'bit_depth' is 8
2021-02-06 20:06:37,650 - ImageProcessing - DEBUG - change_camera:190 - New 'blur_variance' is 0.2
2021-02-06 20:06:37,651 - ImageProcessing - DEBUG - change_camera:199 - New 'rotational_variance' is 0.2
2021-02-06 20:06:37,651 - ImageProcessing - DEBUG - change_camera:208 - New 'stretch_variance' is 0.2
2021-02-06 20:06:56,796 - ImageProcessing - INFO - change_camera:155 - Changing camera
2021-02-06 20:06:56,796 - ImageProcessing - WARNING - change_camera:166 - 'noise_variance' not explicitly defined by new camera, defaulting to 0
2021-02-06 20:06:56,796 - ImageProcessing - WARNING - change_camera:175 - 'exposure_limits' not explicitly defined by new camera, defaulting to (0, 1)
2021-02-06 20:06:56,796 - ImageProcessing - WARNING - change_camera:185 - 'bit_depth' not explicitly defined by new camera, defaulting to 0
2021-02-06 20:06:56,796 - ImageProcessing - WARNING - change_camera:194 - 'blur_variance' not explicitly defined by new camera, defaulting to 0
2021-02-06 20:06:56,796 - ImageProcessing - WARNING - change_camera:203 - 'rotational_variance' not explicitly defined by new camera, defaulting to 0
2021-02-06 20:06:56,796 - ImageProcessing - WARNING - change_camera:212 - 'stretch_variance' not explicitly defined by new camera, defaulting to 0
2021-02-06 20:06:56,830 - Utils - INFO - get_strategy:71 - Loading strategy 'stage_change_test'
2021-02-06 20:06:56,830 - DataHandling - INFO - __init__:376 - 
_____| Dataset |_____

2021-02-06 20:06:56,830 - DataHandling - INFO - __init__:377 - Max order of mode: 3

2021-02-06 20:06:56,830 - DataHandling - DEBUG - __init__:382 - [Hermite(0, 0, 1.0, 0.0), Hermite(0, 1, 1.0, 0.0), Hermite(0, 2, 1.0, 0.0), Hermite(1, 0, 1.0, 0.0), Hermite(1, 1, 1.0, 0.0), Hermite(1, 2, 1.0, 0.0), Hermite(2, 0, 1.0, 0.0), Hermite(2, 1, 1.0, 0.0), Hermite(2, 2, 1.0, 0.0), Laguerre(0, 0, 1.0, 0.0)]
2021-02-06 20:06:56,864 - Utils - INFO - get_cams:52 - Loading camera 'medium_errors'
2021-02-06 20:06:56,864 - ImageProcessing - INFO - change_camera:155 - Changing camera
2021-02-06 20:06:56,864 - ImageProcessing - DEBUG - change_camera:162 - New 'noise_variance' is 0.1
2021-02-06 20:06:56,864 - ImageProcessing - DEBUG - change_camera:171 - New 'exposure_limits' is [0.3, 1]
2021-02-06 20:06:56,864 - ImageProcessing - DEBUG - change_camera:180 - New 'bit_depth' is 8
2021-02-06 20:07:02,318 - ImageProcessing - DEBUG - change_camera:190 - New 'blur_variance' is 0.2
2021-02-06 20:07:02,318 - ImageProcessing - DEBUG - change_camera:199 - New 'rotational_variance' is 0.2
2021-02-06 20:07:02,319 - ImageProcessing - DEBUG - change_camera:208 - New 'stretch_variance' is 0.2
2021-02-06 20:07:56,546 - ImageProcessing - INFO - change_camera:155 - Changing camera
2021-02-06 20:07:56,546 - ImageProcessing - WARNING - change_camera:166 - 'noise_variance' not explicitly defined by new camera, defaulting to 0
2021-02-06 20:07:56,546 - ImageProcessing - WARNING - change_camera:175 - 'exposure_limits' not explicitly defined by new camera, defaulting to (0, 1)
2021-02-06 20:07:56,547 - ImageProcessing - WARNING - change_camera:185 - 'bit_depth' not explicitly defined by new camera, defaulting to 0
2021-02-06 20:07:56,547 - ImageProcessing - WARNING - change_camera:194 - 'blur_variance' not explicitly defined by new camera, defaulting to 0
2021-02-06 20:07:56,547 - ImageProcessing - WARNING - change_camera:203 - 'rotational_variance' not explicitly defined by new camera, defaulting to 0
2021-02-06 20:07:56,547 - ImageProcessing - WARNING - change_camera:212 - 'stretch_variance' not explicitly defined by new camera, defaulting to 0
2021-02-06 20:07:56,580 - Utils - INFO - get_strategy:71 - Loading strategy 'stage_change_test'
2021-02-06 20:07:56,580 - DataHandling - INFO - __init__:376 - 
_____| Dataset |_____

2021-02-06 20:07:56,580 - DataHandling - INFO - __init__:377 - Max order of mode: 3

2021-02-06 20:07:56,581 - DataHandling - DEBUG - __init__:382 - [Hermite(0, 0, 1.0, 0.0), Hermite(0, 1, 1.0, 0.0), Hermite(0, 2, 1.0, 0.0), Hermite(1, 0, 1.0, 0.0), Hermite(1, 1, 1.0, 0.0), Hermite(1, 2, 1.0, 0.0), Hermite(2, 0, 1.0, 0.0), Hermite(2, 1, 1.0, 0.0), Hermite(2, 2, 1.0, 0.0), Laguerre(0, 0, 1.0, 0.0)]
2021-02-06 20:07:56,614 - Utils - INFO - get_cams:52 - Loading camera 'medium_errors'
2021-02-06 20:07:56,614 - ImageProcessing - INFO - change_camera:155 - Changing camera
2021-02-06 20:07:56,614 - ImageProcessing - DEBUG - change_camera:162 - New 'noise_variance' is 0.1
2021-02-06 20:07:56,614 - ImageProcessing - DEBUG - change_camera:171 - New 'exposure_limits' is [0.3, 1]
2021-02-06 20:07:56,614 - ImageProcessing - DEBUG - change_camera:180 - New 'bit_depth' is 8
2021-02-06 20:08:02,079 - ImageProcessing - DEBUG - change_camera:190 - New 'blur_variance' is 0.2
2021-02-06 20:08:02,080 - ImageProcessing - DEBUG - change_camera:199 - New 'rotational_variance' is 0.2
2021-02-06 20:08:02,080 - ImageProcessing - DEBUG - change_camera:208 - New 'stretch_variance' is 0.2
2021-02-06 20:08:22,766 - ImageProcessing - INFO - change_camera:155 - Changing camera
2021-02-06 20:08:22,766 - ImageProcessing - WARNING - change_camera:166 - 'noise_variance' not explicitly defined by new camera, defaulting to 0
2021-02-06 20:08:22,766 - ImageProcessing - WARNING - change_camera:175 - 'exposure_limits' not explicitly defined by new camera, defaulting to (0, 1)
2021-02-06 20:08:22,766 - ImageProcessing - WARNING - change_camera:185 - 'bit_depth' not explicitly defined by new camera, defaulting to 0
2021-02-06 20:08:22,766 - ImageProcessing - WARNING - change_camera:194 - 'blur_variance' not explicitly defined by new camera, defaulting to 0
2021-02-06 20:08:22,766 - ImageProcessing - WARNING - change_camera:203 - 'rotational_variance' not explicitly defined by new camera, defaulting to 0
2021-02-06 20:08:22,766 - ImageProcessing - WARNING - change_camera:212 - 'stretch_variance' not explicitly defined by new camera, defaulting to 0
2021-02-06 20:08:22,799 - Utils - INFO - get_strategy:71 - Loading strategy 'stage_change_test'
2021-02-06 20:08:22,799 - DataHandling - INFO - __init__:376 - 
_____| Dataset |_____

2021-02-06 20:08:22,799 - DataHandling - INFO - __init__:377 - Max order of mode: 3

2021-02-06 20:08:22,800 - DataHandling - DEBUG - __init__:382 - [Hermite(0, 0, 1.0, 0.0), Hermite(0, 1, 1.0, 0.0), Hermite(0, 2, 1.0, 0.0), Hermite(1, 0, 1.0, 0.0), Hermite(1, 1, 1.0, 0.0), Hermite(1, 2, 1.0, 0.0), Hermite(2, 0, 1.0, 0.0), Hermite(2, 1, 1.0, 0.0), Hermite(2, 2, 1.0, 0.0), Laguerre(0, 0, 1.0, 0.0)]
2021-02-06 20:08:22,833 - Utils - INFO - get_cams:52 - Loading camera 'medium_errors'
2021-02-06 20:08:22,833 - ImageProcessing - INFO - change_camera:155 - Changing camera
2021-02-06 20:08:22,833 - ImageProcessing - DEBUG - change_camera:162 - New 'noise_variance' is 0.1
2021-02-06 20:08:22,833 - ImageProcessing - DEBUG - change_camera:171 - New 'exposure_limits' is [0.3, 1]
2021-02-06 20:08:22,833 - ImageProcessing - DEBUG - change_camera:180 - New 'bit_depth' is 8
2021-02-06 20:08:28,261 - ImageProcessing - DEBUG - change_camera:190 - New 'blur_variance' is 0.2
2021-02-06 20:08:28,261 - ImageProcessing - DEBUG - change_camera:199 - New 'rotational_variance' is 0.2
2021-02-06 20:08:28,262 - ImageProcessing - DEBUG - change_camera:208 - New 'stretch_variance' is 0.2
2021-02-06 20:10:05,423 - Utils - ERROR - get_cams:56 - Camera 'poor_exposure' not found, defaulting to 'ideal_camera'
2021-02-06 20:10:05,424 - ImageProcessing - INFO - change_camera:155 - Changing camera
2021-02-06 20:10:05,424 - ImageProcessing - DEBUG - change_camera:162 - New 'noise_variance' is 0
2021-02-06 20:10:05,424 - ImageProcessing - DEBUG - change_camera:171 - New 'exposure_limits' is [0, 1]
2021-02-06 20:10:05,424 - ImageProcessing - DEBUG - change_camera:180 - New 'bit_depth' is 0
2021-02-06 20:10:05,424 - ImageProcessing - DEBUG - change_camera:190 - New 'blur_variance' is 0
2021-02-06 20:10:05,424 - ImageProcessing - DEBUG - change_camera:199 - New 'rotational_variance' is 0
2021-02-06 20:10:05,424 - ImageProcessing - DEBUG - change_camera:208 - New 'stretch_variance' is 0
2021-02-06 20:10:15,619 - ImageProcessing - INFO - change_camera:155 - Changing camera
2021-02-06 20:10:15,619 - ImageProcessing - WARNING - change_camera:166 - 'noise_variance' not explicitly defined by new camera, defaulting to 0
2021-02-06 20:10:15,619 - ImageProcessing - WARNING - change_camera:175 - 'exposure_limits' not explicitly defined by new camera, defaulting to (0, 1)
2021-02-06 20:10:15,619 - ImageProcessing - WARNING - change_camera:185 - 'bit_depth' not explicitly defined by new camera, defaulting to 0
2021-02-06 20:10:15,619 - ImageProcessing - WARNING - change_camera:194 - 'blur_variance' not explicitly defined by new camera, defaulting to 0
2021-02-06 20:10:15,619 - ImageProcessing - WARNING - change_camera:203 - 'rotational_variance' not explicitly defined by new camera, defaulting to 0
2021-02-06 20:10:15,619 - ImageProcessing - WARNING - change_camera:212 - 'stretch_variance' not explicitly defined by new camera, defaulting to 0
2021-02-06 20:10:15,652 - Utils - INFO - get_strategy:71 - Loading strategy 'stage_change_test'
2021-02-06 20:10:15,652 - DataHandling - INFO - __init__:376 - 
_____| Dataset |_____

2021-02-06 20:10:15,653 - DataHandling - INFO - __init__:377 - Max order of mode: 3

2021-02-06 20:10:15,653 - DataHandling - DEBUG - __init__:382 - [Hermite(0, 0, 1.0, 0.0), Hermite(0, 1, 1.0, 0.0), Hermite(0, 2, 1.0, 0.0), Hermite(1, 0, 1.0, 0.0), Hermite(1, 1, 1.0, 0.0), Hermite(1, 2, 1.0, 0.0), Hermite(2, 0, 1.0, 0.0), Hermite(2, 1, 1.0, 0.0), Hermite(2, 2, 1.0, 0.0), Laguerre(0, 0, 1.0, 0.0)]
2021-02-06 20:10:15,687 - Utils - INFO - get_cams:52 - Loading camera 'medium_errors'
2021-02-06 20:10:15,688 - ImageProcessing - INFO - change_camera:155 - Changing camera
2021-02-06 20:10:15,688 - ImageProcessing - DEBUG - change_camera:162 - New 'noise_variance' is 0.1
2021-02-06 20:10:15,688 - ImageProcessing - DEBUG - change_camera:171 - New 'exposure_limits' is [0.3, 1]
2021-02-06 20:10:15,688 - ImageProcessing - DEBUG - change_camera:180 - New 'bit_depth' is 8
2021-02-06 20:10:21,088 - ImageProcessing - DEBUG - change_camera:190 - New 'blur_variance' is 0.2
2021-02-06 20:10:21,088 - ImageProcessing - DEBUG - change_camera:199 - New 'rotational_variance' is 0.2
2021-02-06 20:10:21,088 - ImageProcessing - DEBUG - change_camera:208 - New 'stretch_variance' is 0.2
2021-02-06 20:10:38,321 - ImageProcessing - INFO - change_camera:155 - Changing camera
2021-02-06 20:10:38,321 - ImageProcessing - WARNING - change_camera:166 - 'noise_variance' not explicitly defined by new camera, defaulting to 0
2021-02-06 20:10:38,321 - ImageProcessing - WARNING - change_camera:175 - 'exposure_limits' not explicitly defined by new camera, defaulting to (0, 1)
2021-02-06 20:10:38,321 - ImageProcessing - WARNING - change_camera:185 - 'bit_depth' not explicitly defined by new camera, defaulting to 0
2021-02-06 20:10:38,321 - ImageProcessing - WARNING - change_camera:194 - 'blur_variance' not explicitly defined by new camera, defaulting to 0
2021-02-06 20:10:38,321 - ImageProcessing - WARNING - change_camera:203 - 'rotational_variance' not explicitly defined by new camera, defaulting to 0
2021-02-06 20:10:38,321 - ImageProcessing - WARNING - change_camera:212 - 'stretch_variance' not explicitly defined by new camera, defaulting to 0
2021-02-06 20:10:38,355 - Utils - INFO - get_strategy:71 - Loading strategy 'stage_change_test'
2021-02-06 20:10:38,355 - DataHandling - INFO - __init__:376 - 
_____| Dataset |_____

2021-02-06 20:10:38,355 - DataHandling - INFO - __init__:377 - Max order of mode: 3

2021-02-06 20:10:38,356 - DataHandling - DEBUG - __init__:382 - [Hermite(0, 0, 1.0, 0.0), Hermite(0, 1, 1.0, 0.0), Hermite(0, 2, 1.0, 0.0), Hermite(1, 0, 1.0, 0.0), Hermite(1, 1, 1.0, 0.0), Hermite(1, 2, 1.0, 0.0), Hermite(2, 0, 1.0, 0.0), Hermite(2, 1, 1.0, 0.0), Hermite(2, 2, 1.0, 0.0), Laguerre(0, 0, 1.0, 0.0)]
2021-02-06 20:10:38,388 - Utils - INFO - get_cams:52 - Loading camera 'medium_errors'
2021-02-06 20:10:38,388 - ImageProcessing - INFO - change_camera:155 - Changing camera
2021-02-06 20:10:38,388 - ImageProcessing - DEBUG - change_camera:162 - New 'noise_variance' is 0.1
2021-02-06 20:10:38,388 - ImageProcessing - DEBUG - change_camera:171 - New 'exposure_limits' is [0.3, 1]
2021-02-06 20:10:38,388 - ImageProcessing - DEBUG - change_camera:180 - New 'bit_depth' is 8
2021-02-06 20:10:43,798 - ImageProcessing - DEBUG - change_camera:190 - New 'blur_variance' is 0.2
2021-02-06 20:10:43,798 - ImageProcessing - DEBUG - change_camera:199 - New 'rotational_variance' is 0.2
2021-02-06 20:10:43,798 - ImageProcessing - DEBUG - change_camera:208 - New 'stretch_variance' is 0.2
2021-02-06 20:11:10,498 - Utils - ERROR - get_cams:56 - Camera 'poor_exposure' not found, defaulting to 'ideal_camera'
2021-02-06 20:11:10,498 - ImageProcessing - INFO - change_camera:155 - Changing camera
2021-02-06 20:11:10,498 - ImageProcessing - DEBUG - change_camera:162 - New 'noise_variance' is 0
2021-02-06 20:11:10,499 - ImageProcessing - DEBUG - change_camera:171 - New 'exposure_limits' is [0, 1]
2021-02-06 20:11:10,499 - ImageProcessing - DEBUG - change_camera:180 - New 'bit_depth' is 0
2021-02-06 20:11:10,499 - ImageProcessing - DEBUG - change_camera:190 - New 'blur_variance' is 0
2021-02-06 20:11:10,499 - ImageProcessing - DEBUG - change_camera:199 - New 'rotational_variance' is 0
2021-02-06 20:11:10,499 - ImageProcessing - DEBUG - change_camera:208 - New 'stretch_variance' is 0
2021-02-06 20:11:20,296 - ImageProcessing - INFO - change_camera:155 - Changing camera
2021-02-06 20:11:20,296 - ImageProcessing - WARNING - change_camera:166 - 'noise_variance' not explicitly defined by new camera, defaulting to 0
2021-02-06 20:11:20,296 - ImageProcessing - WARNING - change_camera:175 - 'exposure_limits' not explicitly defined by new camera, defaulting to (0, 1)
2021-02-06 20:11:20,296 - ImageProcessing - WARNING - change_camera:185 - 'bit_depth' not explicitly defined by new camera, defaulting to 0
2021-02-06 20:11:20,296 - ImageProcessing - WARNING - change_camera:194 - 'blur_variance' not explicitly defined by new camera, defaulting to 0
2021-02-06 20:11:20,296 - ImageProcessing - WARNING - change_camera:203 - 'rotational_variance' not explicitly defined by new camera, defaulting to 0
2021-02-06 20:11:20,296 - ImageProcessing - WARNING - change_camera:212 - 'stretch_variance' not explicitly defined by new camera, defaulting to 0
2021-02-06 20:11:20,330 - Utils - INFO - get_strategy:71 - Loading strategy 'stage_change_test'
2021-02-06 20:11:20,330 - DataHandling - INFO - __init__:376 - 
_____| Dataset |_____

2021-02-06 20:11:20,330 - DataHandling - INFO - __init__:377 - Max order of mode: 3

2021-02-06 20:11:20,330 - DataHandling - DEBUG - __init__:382 - [Hermite(0, 0, 1.0, 0.0), Hermite(0, 1, 1.0, 0.0), Hermite(0, 2, 1.0, 0.0), Hermite(1, 0, 1.0, 0.0), Hermite(1, 1, 1.0, 0.0), Hermite(1, 2, 1.0, 0.0), Hermite(2, 0, 1.0, 0.0), Hermite(2, 1, 1.0, 0.0), Hermite(2, 2, 1.0, 0.0), Laguerre(0, 0, 1.0, 0.0)]
2021-02-06 20:11:20,367 - Utils - INFO - get_cams:52 - Loading camera 'medium_errors'
2021-02-06 20:11:20,367 - ImageProcessing - INFO - change_camera:155 - Changing camera
2021-02-06 20:11:20,367 - ImageProcessing - DEBUG - change_camera:162 - New 'noise_variance' is 0.1
2021-02-06 20:11:20,367 - ImageProcessing - DEBUG - change_camera:171 - New 'exposure_limits' is [0.3, 1]
2021-02-06 20:11:20,367 - ImageProcessing - DEBUG - change_camera:180 - New 'bit_depth' is 8
2021-02-06 20:11:25,781 - ImageProcessing - DEBUG - change_camera:190 - New 'blur_variance' is 0.2
2021-02-06 20:11:25,781 - ImageProcessing - DEBUG - change_camera:199 - New 'rotational_variance' is 0.2
2021-02-06 20:11:25,781 - ImageProcessing - DEBUG - change_camera:208 - New 'stretch_variance' is 0.2
2021-02-06 20:11:42,904 - ImageProcessing - INFO - change_camera:155 - Changing camera
2021-02-06 20:11:42,904 - ImageProcessing - WARNING - change_camera:166 - 'noise_variance' not explicitly defined by new camera, defaulting to 0
2021-02-06 20:11:42,904 - ImageProcessing - WARNING - change_camera:175 - 'exposure_limits' not explicitly defined by new camera, defaulting to (0, 1)
2021-02-06 20:11:42,904 - ImageProcessing - WARNING - change_camera:185 - 'bit_depth' not explicitly defined by new camera, defaulting to 0
2021-02-06 20:11:42,904 - ImageProcessing - WARNING - change_camera:194 - 'blur_variance' not explicitly defined by new camera, defaulting to 0
2021-02-06 20:11:42,904 - ImageProcessing - WARNING - change_camera:203 - 'rotational_variance' not explicitly defined by new camera, defaulting to 0
2021-02-06 20:11:42,904 - ImageProcessing - WARNING - change_camera:212 - 'stretch_variance' not explicitly defined by new camera, defaulting to 0
2021-02-06 20:11:42,938 - Utils - INFO - get_strategy:71 - Loading strategy 'stage_change_test'
2021-02-06 20:11:42,938 - DataHandling - INFO - __init__:376 - 
_____| Dataset |_____

2021-02-06 20:11:42,938 - DataHandling - INFO - __init__:377 - Max order of mode: 3

2021-02-06 20:11:42,938 - DataHandling - DEBUG - __init__:382 - [Hermite(0, 0, 1.0, 0.0), Hermite(0, 1, 1.0, 0.0), Hermite(0, 2, 1.0, 0.0), Hermite(1, 0, 1.0, 0.0), Hermite(1, 1, 1.0, 0.0), Hermite(1, 2, 1.0, 0.0), Hermite(2, 0, 1.0, 0.0), Hermite(2, 1, 1.0, 0.0), Hermite(2, 2, 1.0, 0.0), Laguerre(0, 0, 1.0, 0.0)]
2021-02-06 20:11:42,971 - Utils - INFO - get_cams:52 - Loading camera 'medium_errors'
2021-02-06 20:11:42,971 - ImageProcessing - INFO - change_camera:155 - Changing camera
2021-02-06 20:11:42,971 - ImageProcessing - DEBUG - change_camera:162 - New 'noise_variance' is 0.1
2021-02-06 20:11:42,971 - ImageProcessing - DEBUG - change_camera:171 - New 'exposure_limits' is [0.3, 1]
2021-02-06 20:11:42,971 - ImageProcessing - DEBUG - change_camera:180 - New 'bit_depth' is 8
2021-02-06 20:11:48,406 - ImageProcessing - DEBUG - change_camera:190 - New 'blur_variance' is 0.2
2021-02-06 20:11:48,406 - ImageProcessing - DEBUG - change_camera:199 - New 'rotational_variance' is 0.2
2021-02-06 20:11:48,407 - ImageProcessing - DEBUG - change_camera:208 - New 'stretch_variance' is 0.2
2021-02-06 20:12:08,467 - ImageProcessing - INFO - change_camera:155 - Changing camera
2021-02-06 20:12:08,467 - ImageProcessing - WARNING - change_camera:166 - 'noise_variance' not explicitly defined by new camera, defaulting to 0
2021-02-06 20:12:08,467 - ImageProcessing - WARNING - change_camera:175 - 'exposure_limits' not explicitly defined by new camera, defaulting to (0, 1)
2021-02-06 20:12:08,467 - ImageProcessing - WARNING - change_camera:185 - 'bit_depth' not explicitly defined by new camera, defaulting to 0
2021-02-06 20:12:08,467 - ImageProcessing - WARNING - change_camera:194 - 'blur_variance' not explicitly defined by new camera, defaulting to 0
2021-02-06 20:12:08,467 - ImageProcessing - WARNING - change_camera:203 - 'rotational_variance' not explicitly defined by new camera, defaulting to 0
2021-02-06 20:12:08,467 - ImageProcessing - WARNING - change_camera:212 - 'stretch_variance' not explicitly defined by new camera, defaulting to 0
2021-02-06 20:12:08,501 - Utils - INFO - get_strategy:71 - Loading strategy 'stage_change_test'
2021-02-06 20:12:08,501 - DataHandling - INFO - __init__:376 - 
_____| Dataset |_____

2021-02-06 20:12:08,501 - DataHandling - INFO - __init__:377 - Max order of mode: 3

2021-02-06 20:12:08,501 - DataHandling - DEBUG - __init__:382 - [Hermite(0, 0, 1.0, 0.0), Hermite(0, 1, 1.0, 0.0), Hermite(0, 2, 1.0, 0.0), Hermite(1, 0, 1.0, 0.0), Hermite(1, 1, 1.0, 0.0), Hermite(1, 2, 1.0, 0.0), Hermite(2, 0, 1.0, 0.0), Hermite(2, 1, 1.0, 0.0), Hermite(2, 2, 1.0, 0.0), Laguerre(0, 0, 1.0, 0.0)]
2021-02-06 20:12:08,536 - Utils - INFO - get_cams:52 - Loading camera 'medium_errors'
2021-02-06 20:12:08,536 - ImageProcessing - INFO - change_camera:155 - Changing camera
2021-02-06 20:12:08,536 - ImageProcessing - DEBUG - change_camera:162 - New 'noise_variance' is 0.1
2021-02-06 20:12:08,536 - ImageProcessing - DEBUG - change_camera:171 - New 'exposure_limits' is [0.3, 1]
2021-02-06 20:12:08,536 - ImageProcessing - DEBUG - change_camera:180 - New 'bit_depth' is 8
2021-02-06 20:12:13,962 - ImageProcessing - DEBUG - change_camera:190 - New 'blur_variance' is 0.2
2021-02-06 20:12:13,962 - ImageProcessing - DEBUG - change_camera:199 - New 'rotational_variance' is 0.2
2021-02-06 20:12:13,962 - ImageProcessing - DEBUG - change_camera:208 - New 'stretch_variance' is 0.2
2021-02-06 20:12:30,290 - ImageProcessing - INFO - change_camera:155 - Changing camera
2021-02-06 20:12:30,290 - ImageProcessing - WARNING - change_camera:166 - 'noise_variance' not explicitly defined by new camera, defaulting to 0
2021-02-06 20:12:30,290 - ImageProcessing - WARNING - change_camera:175 - 'exposure_limits' not explicitly defined by new camera, defaulting to (0, 1)
2021-02-06 20:12:30,290 - ImageProcessing - WARNING - change_camera:185 - 'bit_depth' not explicitly defined by new camera, defaulting to 0
2021-02-06 20:12:30,290 - ImageProcessing - WARNING - change_camera:194 - 'blur_variance' not explicitly defined by new camera, defaulting to 0
2021-02-06 20:12:30,290 - ImageProcessing - WARNING - change_camera:203 - 'rotational_variance' not explicitly defined by new camera, defaulting to 0
2021-02-06 20:12:30,290 - ImageProcessing - WARNING - change_camera:212 - 'stretch_variance' not explicitly defined by new camera, defaulting to 0
2021-02-06 20:12:30,325 - Utils - INFO - get_strategy:71 - Loading strategy 'stage_change_test'
2021-02-06 20:12:30,325 - DataHandling - INFO - __init__:376 - 
_____| Dataset |_____

2021-02-06 20:12:30,325 - DataHandling - INFO - __init__:377 - Max order of mode: 3

2021-02-06 20:12:30,325 - DataHandling - DEBUG - __init__:382 - [Hermite(0, 0, 1.0, 0.0), Hermite(0, 1, 1.0, 0.0), Hermite(0, 2, 1.0, 0.0), Hermite(1, 0, 1.0, 0.0), Hermite(1, 1, 1.0, 0.0), Hermite(1, 2, 1.0, 0.0), Hermite(2, 0, 1.0, 0.0), Hermite(2, 1, 1.0, 0.0), Hermite(2, 2, 1.0, 0.0), Laguerre(0, 0, 1.0, 0.0)]
2021-02-06 20:12:30,364 - Utils - INFO - get_cams:52 - Loading camera 'medium_errors'
2021-02-06 20:12:30,364 - ImageProcessing - INFO - change_camera:155 - Changing camera
2021-02-06 20:12:30,364 - ImageProcessing - DEBUG - change_camera:162 - New 'noise_variance' is 0.1
2021-02-06 20:12:30,364 - ImageProcessing - DEBUG - change_camera:171 - New 'exposure_limits' is [0.3, 1]
2021-02-06 20:12:30,364 - ImageProcessing - DEBUG - change_camera:180 - New 'bit_depth' is 8
2021-02-06 20:12:35,762 - ImageProcessing - DEBUG - change_camera:190 - New 'blur_variance' is 0.2
2021-02-06 20:12:35,762 - ImageProcessing - DEBUG - change_camera:199 - New 'rotational_variance' is 0.2
2021-02-06 20:12:35,762 - ImageProcessing - DEBUG - change_camera:208 - New 'stretch_variance' is 0.2
2021-02-06 20:13:17,383 - ImageProcessing - INFO - change_camera:155 - Changing camera
2021-02-06 20:13:17,383 - ImageProcessing - WARNING - change_camera:166 - 'noise_variance' not explicitly defined by new camera, defaulting to 0
2021-02-06 20:13:17,383 - ImageProcessing - WARNING - change_camera:175 - 'exposure_limits' not explicitly defined by new camera, defaulting to (0, 1)
2021-02-06 20:13:17,383 - ImageProcessing - WARNING - change_camera:185 - 'bit_depth' not explicitly defined by new camera, defaulting to 0
2021-02-06 20:13:17,384 - ImageProcessing - WARNING - change_camera:194 - 'blur_variance' not explicitly defined by new camera, defaulting to 0
2021-02-06 20:13:17,384 - ImageProcessing - WARNING - change_camera:203 - 'rotational_variance' not explicitly defined by new camera, defaulting to 0
2021-02-06 20:13:17,384 - ImageProcessing - WARNING - change_camera:212 - 'stretch_variance' not explicitly defined by new camera, defaulting to 0
2021-02-06 20:13:17,417 - Utils - INFO - get_strategy:71 - Loading strategy 'stage_change_test'
2021-02-06 20:13:17,417 - DataHandling - INFO - __init__:376 - 
_____| Dataset |_____

2021-02-06 20:13:17,417 - DataHandling - INFO - __init__:377 - Max order of mode: 3

2021-02-06 20:13:17,417 - DataHandling - DEBUG - __init__:382 - [Hermite(0, 0, 1.0, 0.0), Hermite(0, 1, 1.0, 0.0), Hermite(0, 2, 1.0, 0.0), Hermite(1, 0, 1.0, 0.0), Hermite(1, 1, 1.0, 0.0), Hermite(1, 2, 1.0, 0.0), Hermite(2, 0, 1.0, 0.0), Hermite(2, 1, 1.0, 0.0), Hermite(2, 2, 1.0, 0.0), Laguerre(0, 0, 1.0, 0.0)]
2021-02-06 20:13:17,451 - Utils - INFO - get_cams:52 - Loading camera 'medium_errors'
2021-02-06 20:13:17,451 - ImageProcessing - INFO - change_camera:155 - Changing camera
2021-02-06 20:13:17,451 - ImageProcessing - DEBUG - change_camera:162 - New 'noise_variance' is 0.1
2021-02-06 20:13:17,451 - ImageProcessing - DEBUG - change_camera:171 - New 'exposure_limits' is [0.3, 1]
2021-02-06 20:13:17,451 - ImageProcessing - DEBUG - change_camera:180 - New 'bit_depth' is 8
2021-02-06 20:13:22,971 - ImageProcessing - DEBUG - change_camera:190 - New 'blur_variance' is 0.2
2021-02-06 20:13:22,971 - ImageProcessing - DEBUG - change_camera:199 - New 'rotational_variance' is 0.2
2021-02-06 20:13:22,971 - ImageProcessing - DEBUG - change_camera:208 - New 'stretch_variance' is 0.2
2021-02-06 20:13:39,209 - ImageProcessing - INFO - change_camera:155 - Changing camera
2021-02-06 20:13:39,209 - ImageProcessing - WARNING - change_camera:166 - 'noise_variance' not explicitly defined by new camera, defaulting to 0
2021-02-06 20:13:39,209 - ImageProcessing - WARNING - change_camera:175 - 'exposure_limits' not explicitly defined by new camera, defaulting to (0, 1)
2021-02-06 20:13:39,209 - ImageProcessing - WARNING - change_camera:185 - 'bit_depth' not explicitly defined by new camera, defaulting to 0
2021-02-06 20:13:39,209 - ImageProcessing - WARNING - change_camera:194 - 'blur_variance' not explicitly defined by new camera, defaulting to 0
2021-02-06 20:13:39,209 - ImageProcessing - WARNING - change_camera:203 - 'rotational_variance' not explicitly defined by new camera, defaulting to 0
2021-02-06 20:13:39,209 - ImageProcessing - WARNING - change_camera:212 - 'stretch_variance' not explicitly defined by new camera, defaulting to 0
2021-02-06 20:13:39,243 - Utils - INFO - get_strategy:71 - Loading strategy 'stage_change_test'
2021-02-06 20:13:39,243 - DataHandling - INFO - __init__:376 - 
_____| Dataset |_____

2021-02-06 20:13:39,243 - DataHandling - INFO - __init__:377 - Max order of mode: 3

2021-02-06 20:13:39,243 - DataHandling - DEBUG - __init__:382 - [Hermite(0, 0, 1.0, 0.0), Hermite(0, 1, 1.0, 0.0), Hermite(0, 2, 1.0, 0.0), Hermite(1, 0, 1.0, 0.0), Hermite(1, 1, 1.0, 0.0), Hermite(1, 2, 1.0, 0.0), Hermite(2, 0, 1.0, 0.0), Hermite(2, 1, 1.0, 0.0), Hermite(2, 2, 1.0, 0.0), Laguerre(0, 0, 1.0, 0.0)]
2021-02-06 20:13:39,281 - Utils - INFO - get_cams:52 - Loading camera 'medium_errors'
2021-02-06 20:13:39,281 - ImageProcessing - INFO - change_camera:155 - Changing camera
2021-02-06 20:13:39,281 - ImageProcessing - DEBUG - change_camera:162 - New 'noise_variance' is 0.1
2021-02-06 20:13:39,281 - ImageProcessing - DEBUG - change_camera:171 - New 'exposure_limits' is [0.3, 1]
2021-02-06 20:13:39,281 - ImageProcessing - DEBUG - change_camera:180 - New 'bit_depth' is 64
2021-02-06 20:14:12,936 - ImageProcessing - INFO - change_camera:155 - Changing camera
2021-02-06 20:14:12,936 - ImageProcessing - WARNING - change_camera:166 - 'noise_variance' not explicitly defined by new camera, defaulting to 0
2021-02-06 20:14:12,936 - ImageProcessing - WARNING - change_camera:175 - 'exposure_limits' not explicitly defined by new camera, defaulting to (0, 1)
2021-02-06 20:14:12,936 - ImageProcessing - WARNING - change_camera:185 - 'bit_depth' not explicitly defined by new camera, defaulting to 0
2021-02-06 20:14:12,936 - ImageProcessing - WARNING - change_camera:194 - 'blur_variance' not explicitly defined by new camera, defaulting to 0
2021-02-06 20:14:12,936 - ImageProcessing - WARNING - change_camera:203 - 'rotational_variance' not explicitly defined by new camera, defaulting to 0
2021-02-06 20:14:12,936 - ImageProcessing - WARNING - change_camera:212 - 'stretch_variance' not explicitly defined by new camera, defaulting to 0
2021-02-06 20:14:12,970 - Utils - INFO - get_strategy:71 - Loading strategy 'stage_change_test'
2021-02-06 20:14:12,970 - DataHandling - INFO - __init__:376 - 
_____| Dataset |_____

2021-02-06 20:14:12,970 - DataHandling - INFO - __init__:377 - Max order of mode: 3

2021-02-06 20:14:12,970 - DataHandling - DEBUG - __init__:382 - [Hermite(0, 0, 1.0, 0.0), Hermite(0, 1, 1.0, 0.0), Hermite(0, 2, 1.0, 0.0), Hermite(1, 0, 1.0, 0.0), Hermite(1, 1, 1.0, 0.0), Hermite(1, 2, 1.0, 0.0), Hermite(2, 0, 1.0, 0.0), Hermite(2, 1, 1.0, 0.0), Hermite(2, 2, 1.0, 0.0), Laguerre(0, 0, 1.0, 0.0)]
2021-02-06 20:14:13,009 - Utils - INFO - get_cams:52 - Loading camera 'medium_errors'
2021-02-06 20:14:13,009 - ImageProcessing - INFO - change_camera:155 - Changing camera
2021-02-06 20:14:13,009 - ImageProcessing - DEBUG - change_camera:162 - New 'noise_variance' is 0.1
2021-02-06 20:14:13,009 - ImageProcessing - DEBUG - change_camera:171 - New 'exposure_limits' is [0.3, 1]
2021-02-06 20:14:13,009 - ImageProcessing - DEBUG - change_camera:180 - New 'bit_depth' is 32
2021-02-06 20:14:15,607 - ImageProcessing - INFO - change_camera:155 - Changing camera
2021-02-06 20:14:15,607 - ImageProcessing - WARNING - change_camera:166 - 'noise_variance' not explicitly defined by new camera, defaulting to 0
2021-02-06 20:14:15,607 - ImageProcessing - WARNING - change_camera:175 - 'exposure_limits' not explicitly defined by new camera, defaulting to (0, 1)
2021-02-06 20:14:15,607 - ImageProcessing - WARNING - change_camera:185 - 'bit_depth' not explicitly defined by new camera, defaulting to 0
2021-02-06 20:14:15,607 - ImageProcessing - WARNING - change_camera:194 - 'blur_variance' not explicitly defined by new camera, defaulting to 0
2021-02-06 20:14:15,607 - ImageProcessing - WARNING - change_camera:203 - 'rotational_variance' not explicitly defined by new camera, defaulting to 0
2021-02-06 20:14:15,608 - ImageProcessing - WARNING - change_camera:212 - 'stretch_variance' not explicitly defined by new camera, defaulting to 0
2021-02-06 20:14:15,640 - Utils - INFO - get_strategy:71 - Loading strategy 'stage_change_test'
2021-02-06 20:14:15,640 - DataHandling - INFO - __init__:376 - 
_____| Dataset |_____

2021-02-06 20:14:15,640 - DataHandling - INFO - __init__:377 - Max order of mode: 3

2021-02-06 20:14:15,640 - DataHandling - DEBUG - __init__:382 - [Hermite(0, 0, 1.0, 0.0), Hermite(0, 1, 1.0, 0.0), Hermite(0, 2, 1.0, 0.0), Hermite(1, 0, 1.0, 0.0), Hermite(1, 1, 1.0, 0.0), Hermite(1, 2, 1.0, 0.0), Hermite(2, 0, 1.0, 0.0), Hermite(2, 1, 1.0, 0.0), Hermite(2, 2, 1.0, 0.0), Laguerre(0, 0, 1.0, 0.0)]
2021-02-06 20:14:15,674 - Utils - INFO - get_cams:52 - Loading camera 'medium_errors'
2021-02-06 20:14:15,674 - ImageProcessing - INFO - change_camera:155 - Changing camera
2021-02-06 20:14:15,674 - ImageProcessing - DEBUG - change_camera:162 - New 'noise_variance' is 0.1
2021-02-06 20:14:15,674 - ImageProcessing - DEBUG - change_camera:171 - New 'exposure_limits' is [0.3, 1]
2021-02-06 20:14:15,674 - ImageProcessing - DEBUG - change_camera:180 - New 'bit_depth' is 32
2021-02-06 20:14:42,578 - ImageProcessing - INFO - change_camera:155 - Changing camera
2021-02-06 20:14:42,578 - ImageProcessing - WARNING - change_camera:166 - 'noise_variance' not explicitly defined by new camera, defaulting to 0
2021-02-06 20:14:42,578 - ImageProcessing - WARNING - change_camera:175 - 'exposure_limits' not explicitly defined by new camera, defaulting to (0, 1)
2021-02-06 20:14:42,578 - ImageProcessing - WARNING - change_camera:185 - 'bit_depth' not explicitly defined by new camera, defaulting to 0
2021-02-06 20:14:42,579 - ImageProcessing - WARNING - change_camera:194 - 'blur_variance' not explicitly defined by new camera, defaulting to 0
2021-02-06 20:14:42,579 - ImageProcessing - WARNING - change_camera:203 - 'rotational_variance' not explicitly defined by new camera, defaulting to 0
2021-02-06 20:14:42,579 - ImageProcessing - WARNING - change_camera:212 - 'stretch_variance' not explicitly defined by new camera, defaulting to 0
2021-02-06 20:14:42,612 - Utils - INFO - get_strategy:71 - Loading strategy 'stage_change_test'
2021-02-06 20:14:42,612 - DataHandling - INFO - __init__:376 - 
_____| Dataset |_____

2021-02-06 20:14:42,612 - DataHandling - INFO - __init__:377 - Max order of mode: 3

2021-02-06 20:14:42,612 - DataHandling - DEBUG - __init__:382 - [Hermite(0, 0, 1.0, 0.0), Hermite(0, 1, 1.0, 0.0), Hermite(0, 2, 1.0, 0.0), Hermite(1, 0, 1.0, 0.0), Hermite(1, 1, 1.0, 0.0), Hermite(1, 2, 1.0, 0.0), Hermite(2, 0, 1.0, 0.0), Hermite(2, 1, 1.0, 0.0), Hermite(2, 2, 1.0, 0.0), Laguerre(0, 0, 1.0, 0.0)]
2021-02-06 20:14:42,651 - Utils - INFO - get_cams:52 - Loading camera 'medium_errors'
2021-02-06 20:14:42,651 - ImageProcessing - INFO - change_camera:155 - Changing camera
2021-02-06 20:14:42,651 - ImageProcessing - DEBUG - change_camera:162 - New 'noise_variance' is 0.1
2021-02-06 20:14:42,651 - ImageProcessing - DEBUG - change_camera:171 - New 'exposure_limits' is [0.3, 1]
2021-02-06 20:14:42,651 - ImageProcessing - DEBUG - change_camera:180 - New 'bit_depth' is 0
2021-02-06 20:14:42,651 - ImageProcessing - DEBUG - change_camera:190 - New 'blur_variance' is 0.2
2021-02-06 20:14:42,651 - ImageProcessing - DEBUG - change_camera:199 - New 'rotational_variance' is 0.2
2021-02-06 20:14:42,651 - ImageProcessing - DEBUG - change_camera:208 - New 'stretch_variance' is 0.2
2021-02-06 20:14:57,696 - ImageProcessing - INFO - change_camera:155 - Changing camera
2021-02-06 20:14:57,696 - ImageProcessing - WARNING - change_camera:166 - 'noise_variance' not explicitly defined by new camera, defaulting to 0
2021-02-06 20:14:57,696 - ImageProcessing - WARNING - change_camera:175 - 'exposure_limits' not explicitly defined by new camera, defaulting to (0, 1)
2021-02-06 20:14:57,696 - ImageProcessing - WARNING - change_camera:185 - 'bit_depth' not explicitly defined by new camera, defaulting to 0
2021-02-06 20:14:57,696 - ImageProcessing - WARNING - change_camera:194 - 'blur_variance' not explicitly defined by new camera, defaulting to 0
2021-02-06 20:14:57,696 - ImageProcessing - WARNING - change_camera:203 - 'rotational_variance' not explicitly defined by new camera, defaulting to 0
2021-02-06 20:14:57,696 - ImageProcessing - WARNING - change_camera:212 - 'stretch_variance' not explicitly defined by new camera, defaulting to 0
2021-02-06 20:14:57,729 - Utils - INFO - get_strategy:71 - Loading strategy 'stage_change_test'
2021-02-06 20:14:57,730 - DataHandling - INFO - __init__:376 - 
_____| Dataset |_____

2021-02-06 20:14:57,730 - DataHandling - INFO - __init__:377 - Max order of mode: 3

2021-02-06 20:14:57,730 - DataHandling - DEBUG - __init__:382 - [Hermite(0, 0, 1.0, 0.0), Hermite(0, 1, 1.0, 0.0), Hermite(0, 2, 1.0, 0.0), Hermite(1, 0, 1.0, 0.0), Hermite(1, 1, 1.0, 0.0), Hermite(1, 2, 1.0, 0.0), Hermite(2, 0, 1.0, 0.0), Hermite(2, 1, 1.0, 0.0), Hermite(2, 2, 1.0, 0.0), Laguerre(0, 0, 1.0, 0.0)]
2021-02-06 20:14:57,763 - Utils - INFO - get_cams:52 - Loading camera 'medium_errors'
2021-02-06 20:14:57,763 - ImageProcessing - INFO - change_camera:155 - Changing camera
2021-02-06 20:14:57,763 - ImageProcessing - DEBUG - change_camera:162 - New 'noise_variance' is 0.1
2021-02-06 20:14:57,763 - ImageProcessing - DEBUG - change_camera:171 - New 'exposure_limits' is [0.3, 1]
2021-02-06 20:14:57,763 - ImageProcessing - DEBUG - change_camera:180 - New 'bit_depth' is 0
2021-02-06 20:14:57,763 - ImageProcessing - DEBUG - change_camera:190 - New 'blur_variance' is 0.2
2021-02-06 20:14:57,763 - ImageProcessing - DEBUG - change_camera:199 - New 'rotational_variance' is 0.2
2021-02-06 20:14:57,763 - ImageProcessing - DEBUG - change_camera:208 - New 'stretch_variance' is 0.2
2021-02-06 20:25:54,804 - ImageProcessing - INFO - change_camera:155 - Changing camera
2021-02-06 20:25:54,804 - ImageProcessing - WARNING - change_camera:166 - 'noise_variance' not explicitly defined by new camera, defaulting to 0
2021-02-06 20:25:54,804 - ImageProcessing - WARNING - change_camera:175 - 'exposure_limits' not explicitly defined by new camera, defaulting to (0, 1)
2021-02-06 20:25:54,804 - ImageProcessing - WARNING - change_camera:185 - 'bit_depth' not explicitly defined by new camera, defaulting to 0
2021-02-06 20:25:54,804 - ImageProcessing - WARNING - change_camera:194 - 'blur_variance' not explicitly defined by new camera, defaulting to 0
2021-02-06 20:25:54,804 - ImageProcessing - WARNING - change_camera:203 - 'rotational_variance' not explicitly defined by new camera, defaulting to 0
2021-02-06 20:25:54,804 - ImageProcessing - WARNING - change_camera:212 - 'stretch_variance' not explicitly defined by new camera, defaulting to 0
2021-02-06 20:25:54,840 - Utils - INFO - get_cams:52 - Loading camera 'noise_test'
2021-02-06 20:25:54,840 - ImageProcessing - INFO - change_camera:155 - Changing camera
2021-02-06 20:25:54,840 - ImageProcessing - DEBUG - change_camera:162 - New 'noise_variance' is 0.2
2021-02-06 20:25:54,840 - ImageProcessing - WARNING - change_camera:175 - 'exposure_limits' not explicitly defined by new camera, defaulting to (0, 1)
2021-02-06 20:25:54,840 - ImageProcessing - WARNING - change_camera:185 - 'bit_depth' not explicitly defined by new camera, defaulting to 0
2021-02-06 20:25:54,840 - ImageProcessing - WARNING - change_camera:194 - 'blur_variance' not explicitly defined by new camera, defaulting to 0
2021-02-06 20:25:54,840 - ImageProcessing - WARNING - change_camera:203 - 'rotational_variance' not explicitly defined by new camera, defaulting to 0
2021-02-06 20:25:54,840 - ImageProcessing - WARNING - change_camera:212 - 'stretch_variance' not explicitly defined by new camera, defaulting to 0
2021-02-06 20:26:18,734 - ImageProcessing - INFO - change_camera:155 - Changing camera
2021-02-06 20:26:18,734 - ImageProcessing - WARNING - change_camera:166 - 'noise_variance' not explicitly defined by new camera, defaulting to 0
2021-02-06 20:26:18,735 - ImageProcessing - WARNING - change_camera:175 - 'exposure_limits' not explicitly defined by new camera, defaulting to (0, 1)
2021-02-06 20:26:18,735 - ImageProcessing - WARNING - change_camera:185 - 'bit_depth' not explicitly defined by new camera, defaulting to 0
2021-02-06 20:26:18,735 - ImageProcessing - WARNING - change_camera:194 - 'blur_variance' not explicitly defined by new camera, defaulting to 0
2021-02-06 20:26:18,735 - ImageProcessing - WARNING - change_camera:203 - 'rotational_variance' not explicitly defined by new camera, defaulting to 0
2021-02-06 20:26:18,735 - ImageProcessing - WARNING - change_camera:212 - 'stretch_variance' not explicitly defined by new camera, defaulting to 0
2021-02-06 20:26:18,770 - Utils - INFO - get_cams:52 - Loading camera 'noise_test'
2021-02-06 20:26:18,770 - ImageProcessing - INFO - change_camera:155 - Changing camera
2021-02-06 20:26:18,770 - ImageProcessing - DEBUG - change_camera:162 - New 'noise_variance' is 0.2
2021-02-06 20:26:18,770 - ImageProcessing - WARNING - change_camera:175 - 'exposure_limits' not explicitly defined by new camera, defaulting to (0, 1)
2021-02-06 20:26:18,770 - ImageProcessing - WARNING - change_camera:185 - 'bit_depth' not explicitly defined by new camera, defaulting to 0
2021-02-06 20:26:18,770 - ImageProcessing - WARNING - change_camera:194 - 'blur_variance' not explicitly defined by new camera, defaulting to 0
2021-02-06 20:26:18,770 - ImageProcessing - WARNING - change_camera:203 - 'rotational_variance' not explicitly defined by new camera, defaulting to 0
2021-02-06 20:26:18,770 - ImageProcessing - WARNING - change_camera:212 - 'stretch_variance' not explicitly defined by new camera, defaulting to 0
2021-02-06 20:26:34,546 - ImageProcessing - INFO - change_camera:155 - Changing camera
2021-02-06 20:26:34,546 - ImageProcessing - WARNING - change_camera:166 - 'noise_variance' not explicitly defined by new camera, defaulting to 0
2021-02-06 20:26:34,546 - ImageProcessing - WARNING - change_camera:175 - 'exposure_limits' not explicitly defined by new camera, defaulting to (0, 1)
2021-02-06 20:26:34,546 - ImageProcessing - WARNING - change_camera:185 - 'bit_depth' not explicitly defined by new camera, defaulting to 0
2021-02-06 20:26:34,546 - ImageProcessing - WARNING - change_camera:194 - 'blur_variance' not explicitly defined by new camera, defaulting to 0
2021-02-06 20:26:34,546 - ImageProcessing - WARNING - change_camera:203 - 'rotational_variance' not explicitly defined by new camera, defaulting to 0
2021-02-06 20:26:34,546 - ImageProcessing - WARNING - change_camera:212 - 'stretch_variance' not explicitly defined by new camera, defaulting to 0
2021-02-06 20:26:34,584 - Utils - INFO - get_cams:52 - Loading camera 'noise_test'
2021-02-06 20:26:34,584 - ImageProcessing - INFO - change_camera:155 - Changing camera
2021-02-06 20:26:34,584 - ImageProcessing - DEBUG - change_camera:162 - New 'noise_variance' is 0.4
2021-02-06 20:26:34,585 - ImageProcessing - WARNING - change_camera:175 - 'exposure_limits' not explicitly defined by new camera, defaulting to (0, 1)
2021-02-06 20:26:34,585 - ImageProcessing - WARNING - change_camera:185 - 'bit_depth' not explicitly defined by new camera, defaulting to 0
2021-02-06 20:26:34,585 - ImageProcessing - WARNING - change_camera:194 - 'blur_variance' not explicitly defined by new camera, defaulting to 0
2021-02-06 20:26:34,585 - ImageProcessing - WARNING - change_camera:203 - 'rotational_variance' not explicitly defined by new camera, defaulting to 0
2021-02-06 20:26:34,585 - ImageProcessing - WARNING - change_camera:212 - 'stretch_variance' not explicitly defined by new camera, defaulting to 0
2021-02-06 20:26:45,794 - ImageProcessing - INFO - change_camera:155 - Changing camera
2021-02-06 20:26:45,794 - ImageProcessing - WARNING - change_camera:166 - 'noise_variance' not explicitly defined by new camera, defaulting to 0
2021-02-06 20:26:45,795 - ImageProcessing - WARNING - change_camera:175 - 'exposure_limits' not explicitly defined by new camera, defaulting to (0, 1)
2021-02-06 20:26:45,795 - ImageProcessing - WARNING - change_camera:185 - 'bit_depth' not explicitly defined by new camera, defaulting to 0
2021-02-06 20:26:45,795 - ImageProcessing - WARNING - change_camera:194 - 'blur_variance' not explicitly defined by new camera, defaulting to 0
2021-02-06 20:26:45,795 - ImageProcessing - WARNING - change_camera:203 - 'rotational_variance' not explicitly defined by new camera, defaulting to 0
2021-02-06 20:26:45,795 - ImageProcessing - WARNING - change_camera:212 - 'stretch_variance' not explicitly defined by new camera, defaulting to 0
2021-02-06 20:26:45,829 - Utils - INFO - get_cams:52 - Loading camera 'noise_test'
2021-02-06 20:26:45,829 - ImageProcessing - INFO - change_camera:155 - Changing camera
2021-02-06 20:26:45,829 - ImageProcessing - DEBUG - change_camera:162 - New 'noise_variance' is 0.4
2021-02-06 20:26:45,829 - ImageProcessing - WARNING - change_camera:175 - 'exposure_limits' not explicitly defined by new camera, defaulting to (0, 1)
2021-02-06 20:26:45,829 - ImageProcessing - WARNING - change_camera:185 - 'bit_depth' not explicitly defined by new camera, defaulting to 0
2021-02-06 20:26:45,829 - ImageProcessing - WARNING - change_camera:194 - 'blur_variance' not explicitly defined by new camera, defaulting to 0
2021-02-06 20:26:45,829 - ImageProcessing - WARNING - change_camera:203 - 'rotational_variance' not explicitly defined by new camera, defaulting to 0
2021-02-06 20:26:45,829 - ImageProcessing - WARNING - change_camera:212 - 'stretch_variance' not explicitly defined by new camera, defaulting to 0
2021-02-06 20:27:12,988 - ImageProcessing - INFO - change_camera:155 - Changing camera
2021-02-06 20:27:12,988 - ImageProcessing - WARNING - change_camera:166 - 'noise_variance' not explicitly defined by new camera, defaulting to 0
2021-02-06 20:27:12,988 - ImageProcessing - WARNING - change_camera:175 - 'exposure_limits' not explicitly defined by new camera, defaulting to (0, 1)
2021-02-06 20:27:12,988 - ImageProcessing - WARNING - change_camera:185 - 'bit_depth' not explicitly defined by new camera, defaulting to 0
2021-02-06 20:27:12,988 - ImageProcessing - WARNING - change_camera:194 - 'blur_variance' not explicitly defined by new camera, defaulting to 0
2021-02-06 20:27:12,988 - ImageProcessing - WARNING - change_camera:203 - 'rotational_variance' not explicitly defined by new camera, defaulting to 0
2021-02-06 20:27:12,988 - ImageProcessing - WARNING - change_camera:212 - 'stretch_variance' not explicitly defined by new camera, defaulting to 0
2021-02-06 20:27:13,023 - Utils - INFO - get_cams:52 - Loading camera 'noise_test'
2021-02-06 20:27:13,023 - ImageProcessing - INFO - change_camera:155 - Changing camera
2021-02-06 20:27:13,023 - ImageProcessing - DEBUG - change_camera:162 - New 'noise_variance' is 0.4
2021-02-06 20:27:13,023 - ImageProcessing - WARNING - change_camera:175 - 'exposure_limits' not explicitly defined by new camera, defaulting to (0, 1)
2021-02-06 20:27:13,023 - ImageProcessing - WARNING - change_camera:185 - 'bit_depth' not explicitly defined by new camera, defaulting to 0
2021-02-06 20:27:13,023 - ImageProcessing - WARNING - change_camera:194 - 'blur_variance' not explicitly defined by new camera, defaulting to 0
2021-02-06 20:27:13,023 - ImageProcessing - WARNING - change_camera:203 - 'rotational_variance' not explicitly defined by new camera, defaulting to 0
2021-02-06 20:27:13,023 - ImageProcessing - WARNING - change_camera:212 - 'stretch_variance' not explicitly defined by new camera, defaulting to 0
2021-02-06 20:27:19,559 - ImageProcessing - INFO - change_camera:155 - Changing camera
2021-02-06 20:27:19,559 - ImageProcessing - WARNING - change_camera:166 - 'noise_variance' not explicitly defined by new camera, defaulting to 0
2021-02-06 20:27:19,559 - ImageProcessing - WARNING - change_camera:175 - 'exposure_limits' not explicitly defined by new camera, defaulting to (0, 1)
2021-02-06 20:27:19,559 - ImageProcessing - WARNING - change_camera:185 - 'bit_depth' not explicitly defined by new camera, defaulting to 0
2021-02-06 20:27:19,559 - ImageProcessing - WARNING - change_camera:194 - 'blur_variance' not explicitly defined by new camera, defaulting to 0
2021-02-06 20:27:19,559 - ImageProcessing - WARNING - change_camera:203 - 'rotational_variance' not explicitly defined by new camera, defaulting to 0
2021-02-06 20:27:19,559 - ImageProcessing - WARNING - change_camera:212 - 'stretch_variance' not explicitly defined by new camera, defaulting to 0
2021-02-06 20:27:19,593 - Utils - INFO - get_cams:52 - Loading camera 'noise_test'
2021-02-06 20:27:19,593 - ImageProcessing - INFO - change_camera:155 - Changing camera
2021-02-06 20:27:19,593 - ImageProcessing - DEBUG - change_camera:162 - New 'noise_variance' is 0.4
2021-02-06 20:27:19,593 - ImageProcessing - WARNING - change_camera:175 - 'exposure_limits' not explicitly defined by new camera, defaulting to (0, 1)
2021-02-06 20:27:19,593 - ImageProcessing - WARNING - change_camera:185 - 'bit_depth' not explicitly defined by new camera, defaulting to 0
2021-02-06 20:27:19,593 - ImageProcessing - WARNING - change_camera:194 - 'blur_variance' not explicitly defined by new camera, defaulting to 0
2021-02-06 20:27:19,593 - ImageProcessing - WARNING - change_camera:203 - 'rotational_variance' not explicitly defined by new camera, defaulting to 0
2021-02-06 20:27:19,593 - ImageProcessing - WARNING - change_camera:212 - 'stretch_variance' not explicitly defined by new camera, defaulting to 0
2021-02-06 20:27:32,916 - ImageProcessing - INFO - change_camera:155 - Changing camera
2021-02-06 20:27:32,916 - ImageProcessing - WARNING - change_camera:166 - 'noise_variance' not explicitly defined by new camera, defaulting to 0
2021-02-06 20:27:32,917 - ImageProcessing - WARNING - change_camera:175 - 'exposure_limits' not explicitly defined by new camera, defaulting to (0, 1)
2021-02-06 20:27:32,917 - ImageProcessing - WARNING - change_camera:185 - 'bit_depth' not explicitly defined by new camera, defaulting to 0
2021-02-06 20:27:32,917 - ImageProcessing - WARNING - change_camera:194 - 'blur_variance' not explicitly defined by new camera, defaulting to 0
2021-02-06 20:27:32,917 - ImageProcessing - WARNING - change_camera:203 - 'rotational_variance' not explicitly defined by new camera, defaulting to 0
2021-02-06 20:27:32,917 - ImageProcessing - WARNING - change_camera:212 - 'stretch_variance' not explicitly defined by new camera, defaulting to 0
2021-02-06 20:27:32,952 - Utils - INFO - get_cams:52 - Loading camera 'noise_test'
2021-02-06 20:27:32,952 - ImageProcessing - INFO - change_camera:155 - Changing camera
2021-02-06 20:27:32,952 - ImageProcessing - DEBUG - change_camera:162 - New 'noise_variance' is 0.4
2021-02-06 20:27:32,952 - ImageProcessing - WARNING - change_camera:175 - 'exposure_limits' not explicitly defined by new camera, defaulting to (0, 1)
2021-02-06 20:27:32,952 - ImageProcessing - WARNING - change_camera:185 - 'bit_depth' not explicitly defined by new camera, defaulting to 0
2021-02-06 20:27:32,952 - ImageProcessing - WARNING - change_camera:194 - 'blur_variance' not explicitly defined by new camera, defaulting to 0
2021-02-06 20:27:32,952 - ImageProcessing - WARNING - change_camera:203 - 'rotational_variance' not explicitly defined by new camera, defaulting to 0
2021-02-06 20:27:32,953 - ImageProcessing - WARNING - change_camera:212 - 'stretch_variance' not explicitly defined by new camera, defaulting to 0
2021-02-06 20:27:41,249 - ImageProcessing - INFO - change_camera:155 - Changing camera
2021-02-06 20:27:41,249 - ImageProcessing - WARNING - change_camera:166 - 'noise_variance' not explicitly defined by new camera, defaulting to 0
2021-02-06 20:27:41,249 - ImageProcessing - WARNING - change_camera:175 - 'exposure_limits' not explicitly defined by new camera, defaulting to (0, 1)
2021-02-06 20:27:41,249 - ImageProcessing - WARNING - change_camera:185 - 'bit_depth' not explicitly defined by new camera, defaulting to 0
2021-02-06 20:27:41,249 - ImageProcessing - WARNING - change_camera:194 - 'blur_variance' not explicitly defined by new camera, defaulting to 0
2021-02-06 20:27:41,249 - ImageProcessing - WARNING - change_camera:203 - 'rotational_variance' not explicitly defined by new camera, defaulting to 0
2021-02-06 20:27:41,249 - ImageProcessing - WARNING - change_camera:212 - 'stretch_variance' not explicitly defined by new camera, defaulting to 0
2021-02-06 20:27:41,282 - Utils - INFO - get_cams:52 - Loading camera 'noise_test'
2021-02-06 20:27:41,282 - ImageProcessing - INFO - change_camera:155 - Changing camera
2021-02-06 20:27:41,283 - ImageProcessing - DEBUG - change_camera:162 - New 'noise_variance' is 0.4
2021-02-06 20:27:41,283 - ImageProcessing - WARNING - change_camera:175 - 'exposure_limits' not explicitly defined by new camera, defaulting to (0, 1)
2021-02-06 20:27:41,283 - ImageProcessing - WARNING - change_camera:185 - 'bit_depth' not explicitly defined by new camera, defaulting to 0
2021-02-06 20:27:41,283 - ImageProcessing - WARNING - change_camera:194 - 'blur_variance' not explicitly defined by new camera, defaulting to 0
2021-02-06 20:27:41,283 - ImageProcessing - WARNING - change_camera:203 - 'rotational_variance' not explicitly defined by new camera, defaulting to 0
2021-02-06 20:27:41,283 - ImageProcessing - WARNING - change_camera:212 - 'stretch_variance' not explicitly defined by new camera, defaulting to 0
2021-02-06 20:27:50,797 - ImageProcessing - INFO - change_camera:155 - Changing camera
2021-02-06 20:27:50,797 - ImageProcessing - WARNING - change_camera:166 - 'noise_variance' not explicitly defined by new camera, defaulting to 0
2021-02-06 20:27:50,797 - ImageProcessing - WARNING - change_camera:175 - 'exposure_limits' not explicitly defined by new camera, defaulting to (0, 1)
2021-02-06 20:27:50,797 - ImageProcessing - WARNING - change_camera:185 - 'bit_depth' not explicitly defined by new camera, defaulting to 0
2021-02-06 20:27:50,797 - ImageProcessing - WARNING - change_camera:194 - 'blur_variance' not explicitly defined by new camera, defaulting to 0
2021-02-06 20:27:50,797 - ImageProcessing - WARNING - change_camera:203 - 'rotational_variance' not explicitly defined by new camera, defaulting to 0
2021-02-06 20:27:50,797 - ImageProcessing - WARNING - change_camera:212 - 'stretch_variance' not explicitly defined by new camera, defaulting to 0
2021-02-06 20:27:50,836 - Utils - INFO - get_cams:52 - Loading camera 'noise_test'
2021-02-06 20:27:50,836 - ImageProcessing - INFO - change_camera:155 - Changing camera
2021-02-06 20:27:50,836 - ImageProcessing - DEBUG - change_camera:162 - New 'noise_variance' is 0.8
2021-02-06 20:27:50,836 - ImageProcessing - WARNING - change_camera:175 - 'exposure_limits' not explicitly defined by new camera, defaulting to (0, 1)
2021-02-06 20:27:50,836 - ImageProcessing - WARNING - change_camera:185 - 'bit_depth' not explicitly defined by new camera, defaulting to 0
2021-02-06 20:27:50,836 - ImageProcessing - WARNING - change_camera:194 - 'blur_variance' not explicitly defined by new camera, defaulting to 0
2021-02-06 20:27:50,836 - ImageProcessing - WARNING - change_camera:203 - 'rotational_variance' not explicitly defined by new camera, defaulting to 0
2021-02-06 20:27:50,836 - ImageProcessing - WARNING - change_camera:212 - 'stretch_variance' not explicitly defined by new camera, defaulting to 0
2021-02-06 20:28:14,520 - ImageProcessing - INFO - change_camera:155 - Changing camera
2021-02-06 20:28:14,520 - ImageProcessing - WARNING - change_camera:166 - 'noise_variance' not explicitly defined by new camera, defaulting to 0
2021-02-06 20:28:14,520 - ImageProcessing - WARNING - change_camera:175 - 'exposure_limits' not explicitly defined by new camera, defaulting to (0, 1)
2021-02-06 20:28:14,520 - ImageProcessing - WARNING - change_camera:185 - 'bit_depth' not explicitly defined by new camera, defaulting to 0
2021-02-06 20:28:14,520 - ImageProcessing - WARNING - change_camera:194 - 'blur_variance' not explicitly defined by new camera, defaulting to 0
2021-02-06 20:28:14,520 - ImageProcessing - WARNING - change_camera:203 - 'rotational_variance' not explicitly defined by new camera, defaulting to 0
2021-02-06 20:28:14,520 - ImageProcessing - WARNING - change_camera:212 - 'stretch_variance' not explicitly defined by new camera, defaulting to 0
2021-02-06 20:28:14,555 - Utils - INFO - get_cams:52 - Loading camera 'noise_test'
2021-02-06 20:28:14,555 - ImageProcessing - INFO - change_camera:155 - Changing camera
2021-02-06 20:28:14,555 - ImageProcessing - DEBUG - change_camera:162 - New 'noise_variance' is 0.8
2021-02-06 20:28:14,555 - ImageProcessing - WARNING - change_camera:175 - 'exposure_limits' not explicitly defined by new camera, defaulting to (0, 1)
2021-02-06 20:28:14,555 - ImageProcessing - WARNING - change_camera:185 - 'bit_depth' not explicitly defined by new camera, defaulting to 0
2021-02-06 20:28:14,555 - ImageProcessing - WARNING - change_camera:194 - 'blur_variance' not explicitly defined by new camera, defaulting to 0
2021-02-06 20:28:14,555 - ImageProcessing - WARNING - change_camera:203 - 'rotational_variance' not explicitly defined by new camera, defaulting to 0
2021-02-06 20:28:14,555 - ImageProcessing - WARNING - change_camera:212 - 'stretch_variance' not explicitly defined by new camera, defaulting to 0
2021-02-06 20:29:03,342 - ImageProcessing - INFO - change_camera:155 - Changing camera
2021-02-06 20:29:03,343 - ImageProcessing - WARNING - change_camera:166 - 'noise_variance' not explicitly defined by new camera, defaulting to 0
2021-02-06 20:29:03,343 - ImageProcessing - WARNING - change_camera:175 - 'exposure_limits' not explicitly defined by new camera, defaulting to (0, 1)
2021-02-06 20:29:03,343 - ImageProcessing - WARNING - change_camera:185 - 'bit_depth' not explicitly defined by new camera, defaulting to 0
2021-02-06 20:29:03,343 - ImageProcessing - WARNING - change_camera:194 - 'blur_variance' not explicitly defined by new camera, defaulting to 0
2021-02-06 20:29:03,343 - ImageProcessing - WARNING - change_camera:203 - 'rotational_variance' not explicitly defined by new camera, defaulting to 0
2021-02-06 20:29:03,343 - ImageProcessing - WARNING - change_camera:212 - 'stretch_variance' not explicitly defined by new camera, defaulting to 0
2021-02-06 20:29:03,377 - Utils - INFO - get_cams:52 - Loading camera 'noise_test'
2021-02-06 20:29:03,377 - ImageProcessing - INFO - change_camera:155 - Changing camera
2021-02-06 20:29:03,377 - ImageProcessing - DEBUG - change_camera:162 - New 'noise_variance' is 0.8
2021-02-06 20:29:03,377 - ImageProcessing - WARNING - change_camera:175 - 'exposure_limits' not explicitly defined by new camera, defaulting to (0, 1)
2021-02-06 20:29:03,377 - ImageProcessing - WARNING - change_camera:185 - 'bit_depth' not explicitly defined by new camera, defaulting to 0
2021-02-06 20:29:03,377 - ImageProcessing - WARNING - change_camera:194 - 'blur_variance' not explicitly defined by new camera, defaulting to 0
2021-02-06 20:29:03,377 - ImageProcessing - WARNING - change_camera:203 - 'rotational_variance' not explicitly defined by new camera, defaulting to 0
2021-02-06 20:29:03,377 - ImageProcessing - WARNING - change_camera:212 - 'stretch_variance' not explicitly defined by new camera, defaulting to 0
2021-02-06 20:29:34,148 - ImageProcessing - INFO - change_camera:155 - Changing camera
2021-02-06 20:29:34,148 - ImageProcessing - WARNING - change_camera:166 - 'noise_variance' not explicitly defined by new camera, defaulting to 0
2021-02-06 20:29:34,148 - ImageProcessing - WARNING - change_camera:175 - 'exposure_limits' not explicitly defined by new camera, defaulting to (0, 1)
2021-02-06 20:29:34,148 - ImageProcessing - WARNING - change_camera:185 - 'bit_depth' not explicitly defined by new camera, defaulting to 0
2021-02-06 20:29:34,148 - ImageProcessing - WARNING - change_camera:194 - 'blur_variance' not explicitly defined by new camera, defaulting to 0
2021-02-06 20:29:34,148 - ImageProcessing - WARNING - change_camera:203 - 'rotational_variance' not explicitly defined by new camera, defaulting to 0
2021-02-06 20:29:34,148 - ImageProcessing - WARNING - change_camera:212 - 'stretch_variance' not explicitly defined by new camera, defaulting to 0
2021-02-06 20:29:34,185 - Utils - INFO - get_cams:52 - Loading camera 'noise_test'
2021-02-06 20:29:34,185 - ImageProcessing - INFO - change_camera:155 - Changing camera
2021-02-06 20:29:34,185 - ImageProcessing - DEBUG - change_camera:162 - New 'noise_variance' is 0.8
2021-02-06 20:29:34,185 - ImageProcessing - WARNING - change_camera:175 - 'exposure_limits' not explicitly defined by new camera, defaulting to (0, 1)
2021-02-06 20:29:34,185 - ImageProcessing - WARNING - change_camera:185 - 'bit_depth' not explicitly defined by new camera, defaulting to 0
2021-02-06 20:29:34,185 - ImageProcessing - WARNING - change_camera:194 - 'blur_variance' not explicitly defined by new camera, defaulting to 0
2021-02-06 20:29:34,185 - ImageProcessing - WARNING - change_camera:203 - 'rotational_variance' not explicitly defined by new camera, defaulting to 0
2021-02-06 20:29:34,185 - ImageProcessing - WARNING - change_camera:212 - 'stretch_variance' not explicitly defined by new camera, defaulting to 0
2021-02-06 20:29:42,677 - ImageProcessing - INFO - change_camera:155 - Changing camera
2021-02-06 20:29:42,677 - ImageProcessing - WARNING - change_camera:166 - 'noise_variance' not explicitly defined by new camera, defaulting to 0
2021-02-06 20:29:42,677 - ImageProcessing - WARNING - change_camera:175 - 'exposure_limits' not explicitly defined by new camera, defaulting to (0, 1)
2021-02-06 20:29:42,677 - ImageProcessing - WARNING - change_camera:185 - 'bit_depth' not explicitly defined by new camera, defaulting to 0
2021-02-06 20:29:42,677 - ImageProcessing - WARNING - change_camera:194 - 'blur_variance' not explicitly defined by new camera, defaulting to 0
2021-02-06 20:29:42,677 - ImageProcessing - WARNING - change_camera:203 - 'rotational_variance' not explicitly defined by new camera, defaulting to 0
2021-02-06 20:29:42,677 - ImageProcessing - WARNING - change_camera:212 - 'stretch_variance' not explicitly defined by new camera, defaulting to 0
2021-02-06 20:29:42,711 - Utils - INFO - get_cams:52 - Loading camera 'noise_test'
2021-02-06 20:29:42,711 - ImageProcessing - INFO - change_camera:155 - Changing camera
2021-02-06 20:29:42,711 - ImageProcessing - DEBUG - change_camera:162 - New 'noise_variance' is 0.8
2021-02-06 20:29:42,711 - ImageProcessing - WARNING - change_camera:175 - 'exposure_limits' not explicitly defined by new camera, defaulting to (0, 1)
2021-02-06 20:29:42,711 - ImageProcessing - WARNING - change_camera:185 - 'bit_depth' not explicitly defined by new camera, defaulting to 0
2021-02-06 20:29:42,711 - ImageProcessing - WARNING - change_camera:194 - 'blur_variance' not explicitly defined by new camera, defaulting to 0
2021-02-06 20:29:42,711 - ImageProcessing - WARNING - change_camera:203 - 'rotational_variance' not explicitly defined by new camera, defaulting to 0
2021-02-06 20:29:42,711 - ImageProcessing - WARNING - change_camera:212 - 'stretch_variance' not explicitly defined by new camera, defaulting to 0
2021-02-06 20:29:50,793 - ImageProcessing - INFO - change_camera:155 - Changing camera
2021-02-06 20:29:50,793 - ImageProcessing - WARNING - change_camera:166 - 'noise_variance' not explicitly defined by new camera, defaulting to 0
2021-02-06 20:29:50,793 - ImageProcessing - WARNING - change_camera:175 - 'exposure_limits' not explicitly defined by new camera, defaulting to (0, 1)
2021-02-06 20:29:50,793 - ImageProcessing - WARNING - change_camera:185 - 'bit_depth' not explicitly defined by new camera, defaulting to 0
2021-02-06 20:29:50,793 - ImageProcessing - WARNING - change_camera:194 - 'blur_variance' not explicitly defined by new camera, defaulting to 0
2021-02-06 20:29:50,793 - ImageProcessing - WARNING - change_camera:203 - 'rotational_variance' not explicitly defined by new camera, defaulting to 0
2021-02-06 20:29:50,793 - ImageProcessing - WARNING - change_camera:212 - 'stretch_variance' not explicitly defined by new camera, defaulting to 0
2021-02-06 20:29:50,826 - Utils - INFO - get_cams:52 - Loading camera 'noise_test'
2021-02-06 20:29:50,827 - ImageProcessing - INFO - change_camera:155 - Changing camera
2021-02-06 20:29:50,827 - ImageProcessing - DEBUG - change_camera:162 - New 'noise_variance' is 0.8
2021-02-06 20:29:50,827 - ImageProcessing - WARNING - change_camera:175 - 'exposure_limits' not explicitly defined by new camera, defaulting to (0, 1)
2021-02-06 20:29:50,827 - ImageProcessing - WARNING - change_camera:185 - 'bit_depth' not explicitly defined by new camera, defaulting to 0
2021-02-06 20:29:50,827 - ImageProcessing - WARNING - change_camera:194 - 'blur_variance' not explicitly defined by new camera, defaulting to 0
2021-02-06 20:29:50,827 - ImageProcessing - WARNING - change_camera:203 - 'rotational_variance' not explicitly defined by new camera, defaulting to 0
2021-02-06 20:29:50,827 - ImageProcessing - WARNING - change_camera:212 - 'stretch_variance' not explicitly defined by new camera, defaulting to 0
2021-02-06 20:30:11,933 - ImageProcessing - INFO - change_camera:155 - Changing camera
2021-02-06 20:30:11,934 - ImageProcessing - WARNING - change_camera:166 - 'noise_variance' not explicitly defined by new camera, defaulting to 0
2021-02-06 20:30:11,934 - ImageProcessing - WARNING - change_camera:175 - 'exposure_limits' not explicitly defined by new camera, defaulting to (0, 1)
2021-02-06 20:30:11,934 - ImageProcessing - WARNING - change_camera:185 - 'bit_depth' not explicitly defined by new camera, defaulting to 0
2021-02-06 20:30:11,934 - ImageProcessing - WARNING - change_camera:194 - 'blur_variance' not explicitly defined by new camera, defaulting to 0
2021-02-06 20:30:11,934 - ImageProcessing - WARNING - change_camera:203 - 'rotational_variance' not explicitly defined by new camera, defaulting to 0
2021-02-06 20:30:11,934 - ImageProcessing - WARNING - change_camera:212 - 'stretch_variance' not explicitly defined by new camera, defaulting to 0
2021-02-06 20:30:11,977 - Utils - INFO - get_cams:52 - Loading camera 'noise_test'
2021-02-06 20:30:11,977 - ImageProcessing - INFO - change_camera:155 - Changing camera
2021-02-06 20:30:11,977 - ImageProcessing - DEBUG - change_camera:162 - New 'noise_variance' is 1.4
2021-02-06 20:30:11,977 - ImageProcessing - WARNING - change_camera:175 - 'exposure_limits' not explicitly defined by new camera, defaulting to (0, 1)
2021-02-06 20:30:11,977 - ImageProcessing - WARNING - change_camera:185 - 'bit_depth' not explicitly defined by new camera, defaulting to 0
2021-02-06 20:30:11,977 - ImageProcessing - WARNING - change_camera:194 - 'blur_variance' not explicitly defined by new camera, defaulting to 0
2021-02-06 20:30:11,977 - ImageProcessing - WARNING - change_camera:203 - 'rotational_variance' not explicitly defined by new camera, defaulting to 0
2021-02-06 20:30:11,977 - ImageProcessing - WARNING - change_camera:212 - 'stretch_variance' not explicitly defined by new camera, defaulting to 0
2021-02-06 20:30:35,290 - ImageProcessing - INFO - change_camera:155 - Changing camera
2021-02-06 20:30:35,291 - ImageProcessing - WARNING - change_camera:166 - 'noise_variance' not explicitly defined by new camera, defaulting to 0
2021-02-06 20:30:35,291 - ImageProcessing - WARNING - change_camera:175 - 'exposure_limits' not explicitly defined by new camera, defaulting to (0, 1)
2021-02-06 20:30:35,291 - ImageProcessing - WARNING - change_camera:185 - 'bit_depth' not explicitly defined by new camera, defaulting to 0
2021-02-06 20:30:35,291 - ImageProcessing - WARNING - change_camera:194 - 'blur_variance' not explicitly defined by new camera, defaulting to 0
2021-02-06 20:30:35,291 - ImageProcessing - WARNING - change_camera:203 - 'rotational_variance' not explicitly defined by new camera, defaulting to 0
2021-02-06 20:30:35,291 - ImageProcessing - WARNING - change_camera:212 - 'stretch_variance' not explicitly defined by new camera, defaulting to 0
2021-02-06 20:30:35,325 - Utils - INFO - get_cams:52 - Loading camera 'noise_test'
2021-02-06 20:30:35,326 - ImageProcessing - INFO - change_camera:155 - Changing camera
2021-02-06 20:30:35,326 - ImageProcessing - DEBUG - change_camera:162 - New 'noise_variance' is 1.4
2021-02-06 20:30:35,326 - ImageProcessing - WARNING - change_camera:175 - 'exposure_limits' not explicitly defined by new camera, defaulting to (0, 1)
2021-02-06 20:30:35,326 - ImageProcessing - WARNING - change_camera:185 - 'bit_depth' not explicitly defined by new camera, defaulting to 0
2021-02-06 20:30:35,326 - ImageProcessing - WARNING - change_camera:194 - 'blur_variance' not explicitly defined by new camera, defaulting to 0
2021-02-06 20:30:35,326 - ImageProcessing - WARNING - change_camera:203 - 'rotational_variance' not explicitly defined by new camera, defaulting to 0
2021-02-06 20:30:35,326 - ImageProcessing - WARNING - change_camera:212 - 'stretch_variance' not explicitly defined by new camera, defaulting to 0
2021-02-06 20:30:46,110 - ImageProcessing - INFO - change_camera:155 - Changing camera
2021-02-06 20:30:46,110 - ImageProcessing - WARNING - change_camera:166 - 'noise_variance' not explicitly defined by new camera, defaulting to 0
2021-02-06 20:30:46,110 - ImageProcessing - WARNING - change_camera:175 - 'exposure_limits' not explicitly defined by new camera, defaulting to (0, 1)
2021-02-06 20:30:46,111 - ImageProcessing - WARNING - change_camera:185 - 'bit_depth' not explicitly defined by new camera, defaulting to 0
2021-02-06 20:30:46,111 - ImageProcessing - WARNING - change_camera:194 - 'blur_variance' not explicitly defined by new camera, defaulting to 0
2021-02-06 20:30:46,111 - ImageProcessing - WARNING - change_camera:203 - 'rotational_variance' not explicitly defined by new camera, defaulting to 0
2021-02-06 20:30:46,111 - ImageProcessing - WARNING - change_camera:212 - 'stretch_variance' not explicitly defined by new camera, defaulting to 0
2021-02-06 20:30:46,146 - Utils - INFO - get_cams:52 - Loading camera 'noise_test'
2021-02-06 20:30:46,146 - ImageProcessing - INFO - change_camera:155 - Changing camera
2021-02-06 20:30:46,146 - ImageProcessing - DEBUG - change_camera:162 - New 'noise_variance' is 1.4
2021-02-06 20:30:46,147 - ImageProcessing - WARNING - change_camera:175 - 'exposure_limits' not explicitly defined by new camera, defaulting to (0, 1)
2021-02-06 20:30:46,147 - ImageProcessing - WARNING - change_camera:185 - 'bit_depth' not explicitly defined by new camera, defaulting to 0
2021-02-06 20:30:46,147 - ImageProcessing - WARNING - change_camera:194 - 'blur_variance' not explicitly defined by new camera, defaulting to 0
2021-02-06 20:30:46,147 - ImageProcessing - WARNING - change_camera:203 - 'rotational_variance' not explicitly defined by new camera, defaulting to 0
2021-02-06 20:30:46,147 - ImageProcessing - WARNING - change_camera:212 - 'stretch_variance' not explicitly defined by new camera, defaulting to 0
2021-02-06 20:31:00,585 - ImageProcessing - INFO - change_camera:155 - Changing camera
2021-02-06 20:31:00,585 - ImageProcessing - WARNING - change_camera:166 - 'noise_variance' not explicitly defined by new camera, defaulting to 0
2021-02-06 20:31:00,585 - ImageProcessing - WARNING - change_camera:175 - 'exposure_limits' not explicitly defined by new camera, defaulting to (0, 1)
2021-02-06 20:31:00,585 - ImageProcessing - WARNING - change_camera:185 - 'bit_depth' not explicitly defined by new camera, defaulting to 0
2021-02-06 20:31:00,585 - ImageProcessing - WARNING - change_camera:194 - 'blur_variance' not explicitly defined by new camera, defaulting to 0
2021-02-06 20:31:00,585 - ImageProcessing - WARNING - change_camera:203 - 'rotational_variance' not explicitly defined by new camera, defaulting to 0
2021-02-06 20:31:00,585 - ImageProcessing - WARNING - change_camera:212 - 'stretch_variance' not explicitly defined by new camera, defaulting to 0
2021-02-06 20:31:00,624 - Utils - INFO - get_cams:52 - Loading camera 'noise_test'
2021-02-06 20:31:00,624 - ImageProcessing - INFO - change_camera:155 - Changing camera
2021-02-06 20:31:00,624 - ImageProcessing - DEBUG - change_camera:162 - New 'noise_variance' is 5
2021-02-06 20:31:00,624 - ImageProcessing - WARNING - change_camera:175 - 'exposure_limits' not explicitly defined by new camera, defaulting to (0, 1)
2021-02-06 20:31:00,624 - ImageProcessing - WARNING - change_camera:185 - 'bit_depth' not explicitly defined by new camera, defaulting to 0
2021-02-06 20:31:00,624 - ImageProcessing - WARNING - change_camera:194 - 'blur_variance' not explicitly defined by new camera, defaulting to 0
2021-02-06 20:31:00,624 - ImageProcessing - WARNING - change_camera:203 - 'rotational_variance' not explicitly defined by new camera, defaulting to 0
2021-02-06 20:31:00,624 - ImageProcessing - WARNING - change_camera:212 - 'stretch_variance' not explicitly defined by new camera, defaulting to 0
2021-02-06 20:35:52,089 - ImageProcessing - INFO - change_camera:155 - Changing camera
2021-02-06 20:35:52,089 - ImageProcessing - WARNING - change_camera:166 - 'noise_variance' not explicitly defined by new camera, defaulting to 0
2021-02-06 20:35:52,089 - ImageProcessing - WARNING - change_camera:175 - 'exposure_limits' not explicitly defined by new camera, defaulting to (0, 1)
2021-02-06 20:35:52,089 - ImageProcessing - WARNING - change_camera:185 - 'bit_depth' not explicitly defined by new camera, defaulting to 0
2021-02-06 20:35:52,089 - ImageProcessing - WARNING - change_camera:194 - 'blur_variance' not explicitly defined by new camera, defaulting to 0
2021-02-06 20:35:52,089 - ImageProcessing - WARNING - change_camera:203 - 'rotational_variance' not explicitly defined by new camera, defaulting to 0
2021-02-06 20:35:52,089 - ImageProcessing - WARNING - change_camera:212 - 'stretch_variance' not explicitly defined by new camera, defaulting to 0
2021-02-06 20:35:52,123 - Utils - INFO - get_strategy:71 - Loading strategy 'stage_change_test'
2021-02-06 20:35:52,123 - DataHandling - INFO - __init__:376 - 
_____| Dataset |_____

2021-02-06 20:35:52,123 - DataHandling - INFO - __init__:377 - Max order of mode: 3

2021-02-06 20:35:52,123 - DataHandling - DEBUG - __init__:382 - [Hermite(0, 0, 1.0, 0.0), Hermite(0, 1, 1.0, 0.0), Hermite(0, 2, 1.0, 0.0), Hermite(1, 0, 1.0, 0.0), Hermite(1, 1, 1.0, 0.0), Hermite(1, 2, 1.0, 0.0), Hermite(2, 0, 1.0, 0.0), Hermite(2, 1, 1.0, 0.0), Hermite(2, 2, 1.0, 0.0), Laguerre(0, 0, 1.0, 0.0)]
2021-02-06 20:35:52,163 - Utils - INFO - get_cams:52 - Loading camera 'medium_errors'
2021-02-06 20:35:52,163 - ImageProcessing - INFO - change_camera:155 - Changing camera
2021-02-06 20:35:52,164 - ImageProcessing - DEBUG - change_camera:162 - New 'noise_variance' is 0.01
2021-02-06 20:35:52,164 - ImageProcessing - DEBUG - change_camera:171 - New 'exposure_limits' is [0.3, 1]
2021-02-06 20:35:52,164 - ImageProcessing - DEBUG - change_camera:180 - New 'bit_depth' is 0
2021-02-06 20:35:52,164 - ImageProcessing - DEBUG - change_camera:190 - New 'blur_variance' is 0.2
2021-02-06 20:35:52,164 - ImageProcessing - DEBUG - change_camera:199 - New 'rotational_variance' is 0.2
2021-02-06 20:35:52,164 - ImageProcessing - DEBUG - change_camera:208 - New 'stretch_variance' is 0.2
2021-02-06 20:36:10,279 - ImageProcessing - INFO - change_camera:155 - Changing camera
2021-02-06 20:36:10,280 - ImageProcessing - WARNING - change_camera:166 - 'noise_variance' not explicitly defined by new camera, defaulting to 0
2021-02-06 20:36:10,280 - ImageProcessing - WARNING - change_camera:175 - 'exposure_limits' not explicitly defined by new camera, defaulting to (0, 1)
2021-02-06 20:36:10,280 - ImageProcessing - WARNING - change_camera:185 - 'bit_depth' not explicitly defined by new camera, defaulting to 0
2021-02-06 20:36:10,280 - ImageProcessing - WARNING - change_camera:194 - 'blur_variance' not explicitly defined by new camera, defaulting to 0
2021-02-06 20:36:10,280 - ImageProcessing - WARNING - change_camera:203 - 'rotational_variance' not explicitly defined by new camera, defaulting to 0
2021-02-06 20:36:10,280 - ImageProcessing - WARNING - change_camera:212 - 'stretch_variance' not explicitly defined by new camera, defaulting to 0
2021-02-06 20:36:10,314 - Utils - INFO - get_strategy:71 - Loading strategy 'stage_change_test'
2021-02-06 20:36:10,314 - DataHandling - INFO - __init__:376 - 
_____| Dataset |_____

2021-02-06 20:36:10,314 - DataHandling - INFO - __init__:377 - Max order of mode: 3

2021-02-06 20:36:10,314 - DataHandling - DEBUG - __init__:382 - [Hermite(0, 0, 1.0, 0.0), Hermite(0, 1, 1.0, 0.0), Hermite(0, 2, 1.0, 0.0), Hermite(1, 0, 1.0, 0.0), Hermite(1, 1, 1.0, 0.0), Hermite(1, 2, 1.0, 0.0), Hermite(2, 0, 1.0, 0.0), Hermite(2, 1, 1.0, 0.0), Hermite(2, 2, 1.0, 0.0), Laguerre(0, 0, 1.0, 0.0)]
2021-02-06 20:36:10,350 - Utils - INFO - get_cams:52 - Loading camera 'medium_errors'
2021-02-06 20:36:10,350 - ImageProcessing - INFO - change_camera:155 - Changing camera
2021-02-06 20:36:10,350 - ImageProcessing - DEBUG - change_camera:162 - New 'noise_variance' is 0.01
2021-02-06 20:36:10,350 - ImageProcessing - DEBUG - change_camera:171 - New 'exposure_limits' is [0.3, 1]
2021-02-06 20:36:10,350 - ImageProcessing - DEBUG - change_camera:180 - New 'bit_depth' is 0
2021-02-06 20:36:10,350 - ImageProcessing - DEBUG - change_camera:190 - New 'blur_variance' is 0.2
2021-02-06 20:36:10,350 - ImageProcessing - DEBUG - change_camera:199 - New 'rotational_variance' is 0.2
2021-02-06 20:36:10,351 - ImageProcessing - DEBUG - change_camera:208 - New 'stretch_variance' is 0.2
