2021-02-07 22:31:47,773 - ImageProcessing - INFO - change_camera:168 - Changing camera
2021-02-07 22:31:47,773 - ImageProcessing - WARNING - change_camera:179 - 'noise_variance' not explicitly defined by new camera, defaulting to 0
2021-02-07 22:31:47,773 - ImageProcessing - WARNING - change_camera:188 - 'exposure_limits' not explicitly defined by new camera, defaulting to (0, 1)
2021-02-07 22:31:47,773 - ImageProcessing - WARNING - change_camera:198 - 'bit_depth' not explicitly defined by new camera, defaulting to 0
2021-02-07 22:31:47,773 - ImageProcessing - WARNING - change_camera:207 - 'blur_variance' not explicitly defined by new camera, defaulting to 0
2021-02-07 22:31:47,773 - ImageProcessing - WARNING - change_camera:216 - 'rotational_variance' not explicitly defined by new camera, defaulting to 0
2021-02-07 22:31:47,773 - ImageProcessing - WARNING - change_camera:225 - 'stretch_variance' not explicitly defined by new camera, defaulting to 0
2021-02-07 22:31:47,814 - Utils - INFO - get_strategy:71 - Loading strategy 'stage_change_test'
2021-02-07 22:31:47,814 - DataHandling - INFO - __init__:376 - 
_____| Dataset |_____

2021-02-07 22:31:47,814 - DataHandling - INFO - __init__:377 - Max order of mode: 3

2021-02-07 22:31:47,814 - DataHandling - DEBUG - __init__:382 - [Hermite(0, 0, 1.0, 0.0), Hermite(0, 1, 1.0, 0.0), Hermite(0, 2, 1.0, 0.0), Hermite(1, 0, 1.0, 0.0), Hermite(1, 1, 1.0, 0.0), Hermite(1, 2, 1.0, 0.0), Hermite(2, 0, 1.0, 0.0), Hermite(2, 1, 1.0, 0.0), Hermite(2, 2, 1.0, 0.0), Laguerre(0, 0, 1.0, 0.0)]
2021-02-07 22:31:47,855 - Utils - INFO - get_cams:52 - Loading camera 'medium_errors'
2021-02-07 22:31:47,855 - ImageProcessing - INFO - change_camera:168 - Changing camera
2021-02-07 22:31:47,855 - ImageProcessing - DEBUG - change_camera:175 - New 'noise_variance' is 0.01
2021-02-07 22:31:47,855 - ImageProcessing - DEBUG - change_camera:184 - New 'exposure_limits' is [0.3, 1]
2021-02-07 22:31:47,855 - ImageProcessing - DEBUG - change_camera:193 - New 'bit_depth' is 0
2021-02-07 22:31:47,855 - ImageProcessing - DEBUG - change_camera:203 - New 'blur_variance' is 0.2
2021-02-07 22:31:47,855 - ImageProcessing - DEBUG - change_camera:212 - New 'rotational_variance' is 0.2
2021-02-07 22:31:47,855 - ImageProcessing - DEBUG - change_camera:221 - New 'stretch_variance' is 0.2
2021-02-07 22:32:07,828 - ImageProcessing - INFO - change_camera:168 - Changing camera
2021-02-07 22:32:07,828 - ImageProcessing - WARNING - change_camera:179 - 'noise_variance' not explicitly defined by new camera, defaulting to 0
2021-02-07 22:32:07,828 - ImageProcessing - WARNING - change_camera:188 - 'exposure_limits' not explicitly defined by new camera, defaulting to (0, 1)
2021-02-07 22:32:07,828 - ImageProcessing - WARNING - change_camera:198 - 'bit_depth' not explicitly defined by new camera, defaulting to 0
2021-02-07 22:32:07,828 - ImageProcessing - WARNING - change_camera:207 - 'blur_variance' not explicitly defined by new camera, defaulting to 0
2021-02-07 22:32:07,828 - ImageProcessing - WARNING - change_camera:216 - 'rotational_variance' not explicitly defined by new camera, defaulting to 0
2021-02-07 22:32:07,828 - ImageProcessing - WARNING - change_camera:225 - 'stretch_variance' not explicitly defined by new camera, defaulting to 0
2021-02-07 22:32:07,862 - Utils - INFO - get_strategy:71 - Loading strategy 'stage_change_test'
2021-02-07 22:32:07,862 - DataHandling - INFO - __init__:376 - 
_____| Dataset |_____

2021-02-07 22:32:07,862 - DataHandling - INFO - __init__:377 - Max order of mode: 3

2021-02-07 22:32:07,862 - DataHandling - DEBUG - __init__:382 - [Hermite(0, 0, 1.0, 0.0), Hermite(0, 1, 1.0, 0.0), Hermite(0, 2, 1.0, 0.0), Hermite(1, 0, 1.0, 0.0), Hermite(1, 1, 1.0, 0.0), Hermite(1, 2, 1.0, 0.0), Hermite(2, 0, 1.0, 0.0), Hermite(2, 1, 1.0, 0.0), Hermite(2, 2, 1.0, 0.0), Laguerre(0, 0, 1.0, 0.0)]
2021-02-07 22:32:07,895 - Utils - INFO - get_cams:52 - Loading camera 'medium_errors'
2021-02-07 22:32:07,895 - ImageProcessing - INFO - change_camera:168 - Changing camera
2021-02-07 22:32:07,895 - ImageProcessing - DEBUG - change_camera:175 - New 'noise_variance' is 0.01
2021-02-07 22:32:07,895 - ImageProcessing - DEBUG - change_camera:184 - New 'exposure_limits' is [0.3, 1]
2021-02-07 22:32:07,895 - ImageProcessing - DEBUG - change_camera:193 - New 'bit_depth' is 0
2021-02-07 22:32:07,896 - ImageProcessing - DEBUG - change_camera:203 - New 'blur_variance' is 0.2
2021-02-07 22:32:07,896 - ImageProcessing - DEBUG - change_camera:212 - New 'rotational_variance' is 0.2
2021-02-07 22:32:07,896 - ImageProcessing - DEBUG - change_camera:221 - New 'stretch_variance' is 0.2
2021-02-07 22:33:18,945 - ImageProcessing - INFO - change_camera:169 - Changing camera
2021-02-07 22:33:18,945 - ImageProcessing - WARNING - change_camera:180 - 'noise_variance' not explicitly defined by new camera, defaulting to 0
2021-02-07 22:33:18,945 - ImageProcessing - WARNING - change_camera:189 - 'exposure_limits' not explicitly defined by new camera, defaulting to (0, 1)
2021-02-07 22:33:18,945 - ImageProcessing - WARNING - change_camera:199 - 'bit_depth' not explicitly defined by new camera, defaulting to 0
2021-02-07 22:33:18,945 - ImageProcessing - WARNING - change_camera:208 - 'blur_variance' not explicitly defined by new camera, defaulting to 0
2021-02-07 22:33:18,945 - ImageProcessing - WARNING - change_camera:217 - 'rotational_variance' not explicitly defined by new camera, defaulting to 0
2021-02-07 22:33:18,945 - ImageProcessing - WARNING - change_camera:226 - 'stretch_variance' not explicitly defined by new camera, defaulting to 0
2021-02-07 22:33:18,979 - Utils - INFO - get_strategy:71 - Loading strategy 'stage_change_test'
2021-02-07 22:33:18,979 - DataHandling - INFO - __init__:376 - 
_____| Dataset |_____

2021-02-07 22:33:18,979 - DataHandling - INFO - __init__:377 - Max order of mode: 3

2021-02-07 22:33:18,979 - DataHandling - DEBUG - __init__:382 - [Hermite(0, 0, 1.0, 0.0), Hermite(0, 1, 1.0, 0.0), Hermite(0, 2, 1.0, 0.0), Hermite(1, 0, 1.0, 0.0), Hermite(1, 1, 1.0, 0.0), Hermite(1, 2, 1.0, 0.0), Hermite(2, 0, 1.0, 0.0), Hermite(2, 1, 1.0, 0.0), Hermite(2, 2, 1.0, 0.0), Laguerre(0, 0, 1.0, 0.0)]
2021-02-07 22:33:19,013 - Utils - INFO - get_cams:52 - Loading camera 'medium_errors'
2021-02-07 22:33:19,013 - ImageProcessing - INFO - change_camera:169 - Changing camera
2021-02-07 22:33:19,013 - ImageProcessing - DEBUG - change_camera:176 - New 'noise_variance' is 0.01
2021-02-07 22:33:19,013 - ImageProcessing - DEBUG - change_camera:185 - New 'exposure_limits' is [0.3, 1]
2021-02-07 22:33:19,013 - ImageProcessing - DEBUG - change_camera:194 - New 'bit_depth' is 0
2021-02-07 22:33:19,013 - ImageProcessing - DEBUG - change_camera:204 - New 'blur_variance' is 0.2
2021-02-07 22:33:19,013 - ImageProcessing - DEBUG - change_camera:213 - New 'rotational_variance' is 0.2
2021-02-07 22:33:19,013 - ImageProcessing - DEBUG - change_camera:222 - New 'stretch_variance' is 0.2
2021-02-07 22:34:37,448 - ImageProcessing - INFO - change_camera:169 - Changing camera
2021-02-07 22:34:37,448 - ImageProcessing - WARNING - change_camera:180 - 'noise_variance' not explicitly defined by new camera, defaulting to 0
2021-02-07 22:34:37,448 - ImageProcessing - WARNING - change_camera:189 - 'exposure_limits' not explicitly defined by new camera, defaulting to (0, 1)
2021-02-07 22:34:37,448 - ImageProcessing - WARNING - change_camera:199 - 'bit_depth' not explicitly defined by new camera, defaulting to 0
2021-02-07 22:34:37,448 - ImageProcessing - WARNING - change_camera:208 - 'blur_variance' not explicitly defined by new camera, defaulting to 0
2021-02-07 22:34:37,448 - ImageProcessing - WARNING - change_camera:217 - 'rotational_variance' not explicitly defined by new camera, defaulting to 0
2021-02-07 22:34:37,448 - ImageProcessing - WARNING - change_camera:226 - 'stretch_variance' not explicitly defined by new camera, defaulting to 0
2021-02-07 22:34:37,481 - Utils - INFO - get_strategy:71 - Loading strategy 'stage_change_test'
2021-02-07 22:34:37,481 - DataHandling - INFO - __init__:376 - 
_____| Dataset |_____

2021-02-07 22:34:37,481 - DataHandling - INFO - __init__:377 - Max order of mode: 3

2021-02-07 22:34:37,481 - DataHandling - DEBUG - __init__:382 - [Hermite(0, 0, 1.0, 0.0), Hermite(0, 1, 1.0, 0.0), Hermite(0, 2, 1.0, 0.0), Hermite(1, 0, 1.0, 0.0), Hermite(1, 1, 1.0, 0.0), Hermite(1, 2, 1.0, 0.0), Hermite(2, 0, 1.0, 0.0), Hermite(2, 1, 1.0, 0.0), Hermite(2, 2, 1.0, 0.0), Laguerre(0, 0, 1.0, 0.0)]
2021-02-07 22:34:37,515 - Utils - INFO - get_cams:52 - Loading camera 'medium_errors'
2021-02-07 22:34:37,515 - ImageProcessing - INFO - change_camera:169 - Changing camera
2021-02-07 22:34:37,515 - ImageProcessing - DEBUG - change_camera:176 - New 'noise_variance' is 0.01
2021-02-07 22:34:37,515 - ImageProcessing - DEBUG - change_camera:185 - New 'exposure_limits' is [0.3, 1]
2021-02-07 22:34:37,515 - ImageProcessing - DEBUG - change_camera:194 - New 'bit_depth' is 0
2021-02-07 22:34:37,515 - ImageProcessing - DEBUG - change_camera:204 - New 'blur_variance' is 0.2
2021-02-07 22:34:37,515 - ImageProcessing - DEBUG - change_camera:213 - New 'rotational_variance' is 0.2
2021-02-07 22:34:37,515 - ImageProcessing - DEBUG - change_camera:222 - New 'stretch_variance' is 0.2
2021-02-07 22:36:10,043 - ImageProcessing - INFO - change_camera:169 - Changing camera
2021-02-07 22:36:10,043 - ImageProcessing - WARNING - change_camera:180 - 'noise_variance' not explicitly defined by new camera, defaulting to 0
2021-02-07 22:36:10,043 - ImageProcessing - WARNING - change_camera:189 - 'exposure_limits' not explicitly defined by new camera, defaulting to (0, 1)
2021-02-07 22:36:10,044 - ImageProcessing - WARNING - change_camera:199 - 'bit_depth' not explicitly defined by new camera, defaulting to 0
2021-02-07 22:36:10,044 - ImageProcessing - WARNING - change_camera:208 - 'blur_variance' not explicitly defined by new camera, defaulting to 0
2021-02-07 22:36:10,044 - ImageProcessing - WARNING - change_camera:217 - 'rotational_variance' not explicitly defined by new camera, defaulting to 0
2021-02-07 22:36:10,044 - ImageProcessing - WARNING - change_camera:226 - 'stretch_variance' not explicitly defined by new camera, defaulting to 0
2021-02-07 22:36:10,077 - Utils - INFO - get_strategy:71 - Loading strategy 'stage_change_test'
2021-02-07 22:36:10,077 - DataHandling - INFO - __init__:376 - 
_____| Dataset |_____

2021-02-07 22:36:10,077 - DataHandling - INFO - __init__:377 - Max order of mode: 3

2021-02-07 22:36:10,077 - DataHandling - DEBUG - __init__:382 - [Hermite(0, 0, 1.0, 0.0), Hermite(0, 1, 1.0, 0.0), Hermite(0, 2, 1.0, 0.0), Hermite(1, 0, 1.0, 0.0), Hermite(1, 1, 1.0, 0.0), Hermite(1, 2, 1.0, 0.0), Hermite(2, 0, 1.0, 0.0), Hermite(2, 1, 1.0, 0.0), Hermite(2, 2, 1.0, 0.0), Laguerre(0, 0, 1.0, 0.0)]
2021-02-07 22:36:10,112 - Utils - INFO - get_cams:52 - Loading camera 'medium_errors'
2021-02-07 22:36:10,112 - ImageProcessing - INFO - change_camera:169 - Changing camera
2021-02-07 22:36:10,112 - ImageProcessing - DEBUG - change_camera:176 - New 'noise_variance' is 0.01
2021-02-07 22:36:10,112 - ImageProcessing - DEBUG - change_camera:185 - New 'exposure_limits' is [0.3, 1]
2021-02-07 22:36:10,112 - ImageProcessing - DEBUG - change_camera:194 - New 'bit_depth' is 0
2021-02-07 22:36:10,112 - ImageProcessing - DEBUG - change_camera:204 - New 'blur_variance' is 0.2
2021-02-07 22:36:10,112 - ImageProcessing - DEBUG - change_camera:213 - New 'rotational_variance' is 0.2
2021-02-07 22:36:10,112 - ImageProcessing - DEBUG - change_camera:222 - New 'stretch_variance' is 0.2
2021-02-07 22:36:32,522 - ImageProcessing - INFO - change_camera:169 - Changing camera
2021-02-07 22:36:32,522 - ImageProcessing - WARNING - change_camera:180 - 'noise_variance' not explicitly defined by new camera, defaulting to 0
2021-02-07 22:36:32,522 - ImageProcessing - WARNING - change_camera:189 - 'exposure_limits' not explicitly defined by new camera, defaulting to (0, 1)
2021-02-07 22:36:32,522 - ImageProcessing - WARNING - change_camera:199 - 'bit_depth' not explicitly defined by new camera, defaulting to 0
2021-02-07 22:36:32,522 - ImageProcessing - WARNING - change_camera:208 - 'blur_variance' not explicitly defined by new camera, defaulting to 0
2021-02-07 22:36:32,522 - ImageProcessing - WARNING - change_camera:217 - 'rotational_variance' not explicitly defined by new camera, defaulting to 0
2021-02-07 22:36:32,522 - ImageProcessing - WARNING - change_camera:226 - 'stretch_variance' not explicitly defined by new camera, defaulting to 0
2021-02-07 22:36:32,555 - Utils - INFO - get_strategy:71 - Loading strategy 'stage_change_test'
2021-02-07 22:36:32,555 - DataHandling - INFO - __init__:376 - 
_____| Dataset |_____

2021-02-07 22:36:32,556 - DataHandling - INFO - __init__:377 - Max order of mode: 3

2021-02-07 22:36:32,556 - DataHandling - DEBUG - __init__:382 - [Hermite(0, 0, 1.0, 0.0), Hermite(0, 1, 1.0, 0.0), Hermite(0, 2, 1.0, 0.0), Hermite(1, 0, 1.0, 0.0), Hermite(1, 1, 1.0, 0.0), Hermite(1, 2, 1.0, 0.0), Hermite(2, 0, 1.0, 0.0), Hermite(2, 1, 1.0, 0.0), Hermite(2, 2, 1.0, 0.0), Laguerre(0, 0, 1.0, 0.0)]
2021-02-07 22:36:32,590 - Utils - INFO - get_cams:52 - Loading camera 'medium_errors'
2021-02-07 22:36:32,590 - ImageProcessing - INFO - change_camera:169 - Changing camera
2021-02-07 22:36:32,590 - ImageProcessing - DEBUG - change_camera:176 - New 'noise_variance' is 0.01
2021-02-07 22:36:32,590 - ImageProcessing - DEBUG - change_camera:185 - New 'exposure_limits' is [0.3, 1]
2021-02-07 22:36:32,590 - ImageProcessing - DEBUG - change_camera:194 - New 'bit_depth' is 0
2021-02-07 22:36:32,590 - ImageProcessing - DEBUG - change_camera:204 - New 'blur_variance' is 0.2
2021-02-07 22:36:32,590 - ImageProcessing - DEBUG - change_camera:213 - New 'rotational_variance' is 0.2
2021-02-07 22:36:32,590 - ImageProcessing - DEBUG - change_camera:222 - New 'stretch_variance' is 0.2
2021-02-07 22:37:29,494 - ImageProcessing - INFO - change_camera:169 - Changing camera
2021-02-07 22:37:29,494 - ImageProcessing - WARNING - change_camera:180 - 'noise_variance' not explicitly defined by new camera, defaulting to 0
2021-02-07 22:37:29,494 - ImageProcessing - WARNING - change_camera:189 - 'exposure_limits' not explicitly defined by new camera, defaulting to (0, 1)
2021-02-07 22:37:29,495 - ImageProcessing - WARNING - change_camera:199 - 'bit_depth' not explicitly defined by new camera, defaulting to 0
2021-02-07 22:37:29,495 - ImageProcessing - WARNING - change_camera:208 - 'blur_variance' not explicitly defined by new camera, defaulting to 0
2021-02-07 22:37:29,495 - ImageProcessing - WARNING - change_camera:217 - 'rotational_variance' not explicitly defined by new camera, defaulting to 0
2021-02-07 22:37:29,495 - ImageProcessing - WARNING - change_camera:226 - 'stretch_variance' not explicitly defined by new camera, defaulting to 0
2021-02-07 22:37:29,528 - Utils - INFO - get_strategy:71 - Loading strategy 'stage_change_test'
2021-02-07 22:37:29,528 - DataHandling - INFO - __init__:376 - 
_____| Dataset |_____

2021-02-07 22:37:29,528 - DataHandling - INFO - __init__:377 - Max order of mode: 3

2021-02-07 22:37:29,528 - DataHandling - DEBUG - __init__:382 - [Hermite(0, 0, 1.0, 0.0), Hermite(0, 1, 1.0, 0.0), Hermite(0, 2, 1.0, 0.0), Hermite(1, 0, 1.0, 0.0), Hermite(1, 1, 1.0, 0.0), Hermite(1, 2, 1.0, 0.0), Hermite(2, 0, 1.0, 0.0), Hermite(2, 1, 1.0, 0.0), Hermite(2, 2, 1.0, 0.0), Laguerre(0, 0, 1.0, 0.0)]
2021-02-07 22:37:29,563 - Utils - INFO - get_cams:52 - Loading camera 'medium_errors'
2021-02-07 22:37:29,563 - ImageProcessing - INFO - change_camera:169 - Changing camera
2021-02-07 22:37:29,563 - ImageProcessing - DEBUG - change_camera:176 - New 'noise_variance' is 0.01
2021-02-07 22:37:29,563 - ImageProcessing - DEBUG - change_camera:185 - New 'exposure_limits' is [0.3, 1]
2021-02-07 22:37:29,564 - ImageProcessing - DEBUG - change_camera:194 - New 'bit_depth' is 0
2021-02-07 22:37:29,564 - ImageProcessing - DEBUG - change_camera:204 - New 'blur_variance' is 0.2
2021-02-07 22:37:29,564 - ImageProcessing - DEBUG - change_camera:213 - New 'rotational_variance' is 0.2
2021-02-07 22:37:29,564 - ImageProcessing - DEBUG - change_camera:222 - New 'stretch_variance' is 0.2
2021-02-07 22:38:26,952 - ImageProcessing - INFO - change_camera:169 - Changing camera
2021-02-07 22:38:26,952 - ImageProcessing - WARNING - change_camera:180 - 'noise_variance' not explicitly defined by new camera, defaulting to 0
2021-02-07 22:38:26,952 - ImageProcessing - WARNING - change_camera:189 - 'exposure_limits' not explicitly defined by new camera, defaulting to (0, 1)
2021-02-07 22:38:26,952 - ImageProcessing - WARNING - change_camera:199 - 'bit_depth' not explicitly defined by new camera, defaulting to 0
2021-02-07 22:38:26,952 - ImageProcessing - WARNING - change_camera:208 - 'blur_variance' not explicitly defined by new camera, defaulting to 0
2021-02-07 22:38:26,952 - ImageProcessing - WARNING - change_camera:217 - 'rotational_variance' not explicitly defined by new camera, defaulting to 0
2021-02-07 22:38:26,952 - ImageProcessing - WARNING - change_camera:226 - 'stretch_variance' not explicitly defined by new camera, defaulting to 0
2021-02-07 22:38:26,985 - Utils - INFO - get_strategy:71 - Loading strategy 'stage_change_test'
2021-02-07 22:38:26,985 - DataHandling - INFO - __init__:376 - 
_____| Dataset |_____

2021-02-07 22:38:26,985 - DataHandling - INFO - __init__:377 - Max order of mode: 3

2021-02-07 22:38:26,985 - DataHandling - DEBUG - __init__:382 - [Hermite(0, 0, 1.0, 0.0), Hermite(0, 1, 1.0, 0.0), Hermite(0, 2, 1.0, 0.0), Hermite(1, 0, 1.0, 0.0), Hermite(1, 1, 1.0, 0.0), Hermite(1, 2, 1.0, 0.0), Hermite(2, 0, 1.0, 0.0), Hermite(2, 1, 1.0, 0.0), Hermite(2, 2, 1.0, 0.0), Laguerre(0, 0, 1.0, 0.0)]
2021-02-07 22:38:27,021 - Utils - INFO - get_cams:52 - Loading camera 'medium_errors'
2021-02-07 22:38:27,021 - ImageProcessing - INFO - change_camera:169 - Changing camera
2021-02-07 22:38:27,021 - ImageProcessing - DEBUG - change_camera:176 - New 'noise_variance' is 0.01
2021-02-07 22:38:27,021 - ImageProcessing - DEBUG - change_camera:185 - New 'exposure_limits' is [0.3, 1]
2021-02-07 22:38:27,021 - ImageProcessing - DEBUG - change_camera:194 - New 'bit_depth' is 0
2021-02-07 22:38:27,021 - ImageProcessing - DEBUG - change_camera:204 - New 'blur_variance' is 0.2
2021-02-07 22:38:27,021 - ImageProcessing - DEBUG - change_camera:213 - New 'rotational_variance' is 0.2
2021-02-07 22:38:27,021 - ImageProcessing - DEBUG - change_camera:222 - New 'stretch_variance' is 0.2
2021-02-07 22:38:59,051 - ImageProcessing - INFO - change_camera:169 - Changing camera
2021-02-07 22:38:59,051 - ImageProcessing - WARNING - change_camera:180 - 'noise_variance' not explicitly defined by new camera, defaulting to 0
2021-02-07 22:38:59,051 - ImageProcessing - WARNING - change_camera:189 - 'exposure_limits' not explicitly defined by new camera, defaulting to (0, 1)
2021-02-07 22:38:59,051 - ImageProcessing - WARNING - change_camera:199 - 'bit_depth' not explicitly defined by new camera, defaulting to 0
2021-02-07 22:38:59,052 - ImageProcessing - WARNING - change_camera:208 - 'blur_variance' not explicitly defined by new camera, defaulting to 0
2021-02-07 22:38:59,052 - ImageProcessing - WARNING - change_camera:217 - 'rotational_variance' not explicitly defined by new camera, defaulting to 0
2021-02-07 22:38:59,052 - ImageProcessing - WARNING - change_camera:226 - 'stretch_variance' not explicitly defined by new camera, defaulting to 0
2021-02-07 22:38:59,088 - Utils - INFO - get_strategy:71 - Loading strategy 'stage_change_test'
2021-02-07 22:38:59,088 - DataHandling - INFO - __init__:376 - 
_____| Dataset |_____

2021-02-07 22:38:59,088 - DataHandling - INFO - __init__:377 - Max order of mode: 3

2021-02-07 22:38:59,088 - DataHandling - DEBUG - __init__:382 - [Hermite(0, 0, 1.0, 0.0), Hermite(0, 1, 1.0, 0.0), Hermite(0, 2, 1.0, 0.0), Hermite(1, 0, 1.0, 0.0), Hermite(1, 1, 1.0, 0.0), Hermite(1, 2, 1.0, 0.0), Hermite(2, 0, 1.0, 0.0), Hermite(2, 1, 1.0, 0.0), Hermite(2, 2, 1.0, 0.0), Laguerre(0, 0, 1.0, 0.0)]
2021-02-07 22:38:59,122 - Utils - INFO - get_cams:52 - Loading camera 'medium_errors'
2021-02-07 22:38:59,122 - ImageProcessing - INFO - change_camera:169 - Changing camera
2021-02-07 22:38:59,122 - ImageProcessing - DEBUG - change_camera:176 - New 'noise_variance' is 0.01
2021-02-07 22:38:59,122 - ImageProcessing - DEBUG - change_camera:185 - New 'exposure_limits' is [0.3, 1]
2021-02-07 22:38:59,122 - ImageProcessing - DEBUG - change_camera:194 - New 'bit_depth' is 0
2021-02-07 22:38:59,122 - ImageProcessing - DEBUG - change_camera:204 - New 'blur_variance' is 0.2
2021-02-07 22:38:59,122 - ImageProcessing - DEBUG - change_camera:213 - New 'rotational_variance' is 0.2
2021-02-07 22:38:59,122 - ImageProcessing - DEBUG - change_camera:222 - New 'stretch_variance' is 0.2
2021-02-07 22:39:28,110 - ImageProcessing - INFO - change_camera:169 - Changing camera
2021-02-07 22:39:28,110 - ImageProcessing - WARNING - change_camera:180 - 'noise_variance' not explicitly defined by new camera, defaulting to 0
2021-02-07 22:39:28,110 - ImageProcessing - WARNING - change_camera:189 - 'exposure_limits' not explicitly defined by new camera, defaulting to (0, 1)
2021-02-07 22:39:28,110 - ImageProcessing - WARNING - change_camera:199 - 'bit_depth' not explicitly defined by new camera, defaulting to 0
2021-02-07 22:39:28,110 - ImageProcessing - WARNING - change_camera:208 - 'blur_variance' not explicitly defined by new camera, defaulting to 0
2021-02-07 22:39:28,110 - ImageProcessing - WARNING - change_camera:217 - 'rotational_variance' not explicitly defined by new camera, defaulting to 0
2021-02-07 22:39:28,110 - ImageProcessing - WARNING - change_camera:226 - 'stretch_variance' not explicitly defined by new camera, defaulting to 0
2021-02-07 22:39:28,143 - Utils - INFO - get_strategy:71 - Loading strategy 'stage_change_test'
2021-02-07 22:39:28,143 - DataHandling - INFO - __init__:376 - 
_____| Dataset |_____

2021-02-07 22:39:28,143 - DataHandling - INFO - __init__:377 - Max order of mode: 3

2021-02-07 22:39:28,144 - DataHandling - DEBUG - __init__:382 - [Hermite(0, 0, 1.0, 0.0), Hermite(0, 1, 1.0, 0.0), Hermite(0, 2, 1.0, 0.0), Hermite(1, 0, 1.0, 0.0), Hermite(1, 1, 1.0, 0.0), Hermite(1, 2, 1.0, 0.0), Hermite(2, 0, 1.0, 0.0), Hermite(2, 1, 1.0, 0.0), Hermite(2, 2, 1.0, 0.0), Laguerre(0, 0, 1.0, 0.0)]
2021-02-07 22:39:28,178 - Utils - INFO - get_cams:52 - Loading camera 'medium_errors'
2021-02-07 22:39:28,178 - ImageProcessing - INFO - change_camera:169 - Changing camera
2021-02-07 22:39:28,178 - ImageProcessing - DEBUG - change_camera:176 - New 'noise_variance' is 0.01
2021-02-07 22:39:28,178 - ImageProcessing - DEBUG - change_camera:185 - New 'exposure_limits' is [0.3, 1]
2021-02-07 22:39:28,178 - ImageProcessing - DEBUG - change_camera:194 - New 'bit_depth' is 0
2021-02-07 22:39:28,178 - ImageProcessing - DEBUG - change_camera:204 - New 'blur_variance' is 0.2
2021-02-07 22:39:28,178 - ImageProcessing - DEBUG - change_camera:213 - New 'rotational_variance' is 0.2
2021-02-07 22:39:28,178 - ImageProcessing - DEBUG - change_camera:222 - New 'stretch_variance' is 0.2
2021-02-07 22:40:25,026 - ImageProcessing - INFO - change_camera:169 - Changing camera
2021-02-07 22:40:25,026 - ImageProcessing - WARNING - change_camera:180 - 'noise_variance' not explicitly defined by new camera, defaulting to 0
2021-02-07 22:40:25,026 - ImageProcessing - WARNING - change_camera:189 - 'exposure_limits' not explicitly defined by new camera, defaulting to (0, 1)
2021-02-07 22:40:25,026 - ImageProcessing - WARNING - change_camera:199 - 'bit_depth' not explicitly defined by new camera, defaulting to 0
2021-02-07 22:40:25,026 - ImageProcessing - WARNING - change_camera:208 - 'blur_variance' not explicitly defined by new camera, defaulting to 0
2021-02-07 22:40:25,026 - ImageProcessing - WARNING - change_camera:217 - 'rotational_variance' not explicitly defined by new camera, defaulting to 0
2021-02-07 22:40:25,027 - ImageProcessing - WARNING - change_camera:226 - 'stretch_variance' not explicitly defined by new camera, defaulting to 0
2021-02-07 22:40:25,062 - Utils - INFO - get_strategy:71 - Loading strategy 'stage_change_test'
2021-02-07 22:40:25,062 - DataHandling - INFO - __init__:376 - 
_____| Dataset |_____

2021-02-07 22:40:25,062 - DataHandling - INFO - __init__:377 - Max order of mode: 3

2021-02-07 22:40:25,063 - DataHandling - DEBUG - __init__:382 - [Hermite(0, 0, 1.0, 0.0), Hermite(0, 1, 1.0, 0.0), Hermite(0, 2, 1.0, 0.0), Hermite(1, 0, 1.0, 0.0), Hermite(1, 1, 1.0, 0.0), Hermite(1, 2, 1.0, 0.0), Hermite(2, 0, 1.0, 0.0), Hermite(2, 1, 1.0, 0.0), Hermite(2, 2, 1.0, 0.0), Laguerre(0, 0, 1.0, 0.0)]
2021-02-07 22:40:25,096 - Utils - INFO - get_cams:52 - Loading camera 'medium_errors'
2021-02-07 22:40:25,096 - ImageProcessing - INFO - change_camera:169 - Changing camera
2021-02-07 22:40:25,096 - ImageProcessing - DEBUG - change_camera:176 - New 'noise_variance' is 0.01
2021-02-07 22:40:25,096 - ImageProcessing - DEBUG - change_camera:185 - New 'exposure_limits' is [0.3, 1]
2021-02-07 22:40:25,096 - ImageProcessing - DEBUG - change_camera:194 - New 'bit_depth' is 0
2021-02-07 22:40:25,096 - ImageProcessing - DEBUG - change_camera:204 - New 'blur_variance' is 0.2
2021-02-07 22:40:25,096 - ImageProcessing - DEBUG - change_camera:213 - New 'rotational_variance' is 0.2
2021-02-07 22:40:25,096 - ImageProcessing - DEBUG - change_camera:222 - New 'stretch_variance' is 0.2
2021-02-07 22:40:58,572 - ImageProcessing - INFO - change_camera:169 - Changing camera
2021-02-07 22:40:58,572 - ImageProcessing - WARNING - change_camera:180 - 'noise_variance' not explicitly defined by new camera, defaulting to 0
2021-02-07 22:40:58,572 - ImageProcessing - WARNING - change_camera:189 - 'exposure_limits' not explicitly defined by new camera, defaulting to (0, 1)
2021-02-07 22:40:58,572 - ImageProcessing - WARNING - change_camera:199 - 'bit_depth' not explicitly defined by new camera, defaulting to 0
2021-02-07 22:40:58,572 - ImageProcessing - WARNING - change_camera:208 - 'blur_variance' not explicitly defined by new camera, defaulting to 0
2021-02-07 22:40:58,572 - ImageProcessing - WARNING - change_camera:217 - 'rotational_variance' not explicitly defined by new camera, defaulting to 0
2021-02-07 22:40:58,572 - ImageProcessing - WARNING - change_camera:226 - 'stretch_variance' not explicitly defined by new camera, defaulting to 0
2021-02-07 22:40:58,606 - Utils - INFO - get_strategy:71 - Loading strategy 'stage_change_test'
2021-02-07 22:40:58,606 - DataHandling - INFO - __init__:376 - 
_____| Dataset |_____

2021-02-07 22:40:58,606 - DataHandling - INFO - __init__:377 - Max order of mode: 3

2021-02-07 22:40:58,606 - DataHandling - DEBUG - __init__:382 - [Hermite(0, 0, 1.0, 0.0), Hermite(0, 1, 1.0, 0.0), Hermite(0, 2, 1.0, 0.0), Hermite(1, 0, 1.0, 0.0), Hermite(1, 1, 1.0, 0.0), Hermite(1, 2, 1.0, 0.0), Hermite(2, 0, 1.0, 0.0), Hermite(2, 1, 1.0, 0.0), Hermite(2, 2, 1.0, 0.0), Laguerre(0, 0, 1.0, 0.0)]
2021-02-07 22:40:58,640 - Utils - INFO - get_cams:52 - Loading camera 'medium_errors'
2021-02-07 22:40:58,641 - ImageProcessing - INFO - change_camera:169 - Changing camera
2021-02-07 22:40:58,641 - ImageProcessing - DEBUG - change_camera:176 - New 'noise_variance' is 0.01
2021-02-07 22:40:58,641 - ImageProcessing - DEBUG - change_camera:185 - New 'exposure_limits' is [0.3, 1]
2021-02-07 22:40:58,641 - ImageProcessing - DEBUG - change_camera:194 - New 'bit_depth' is 0
2021-02-07 22:40:58,641 - ImageProcessing - DEBUG - change_camera:204 - New 'blur_variance' is 0.2
2021-02-07 22:40:58,641 - ImageProcessing - DEBUG - change_camera:213 - New 'rotational_variance' is 0.2
2021-02-07 22:40:58,641 - ImageProcessing - DEBUG - change_camera:222 - New 'stretch_variance' is 0.2
2021-02-07 22:41:35,445 - ImageProcessing - INFO - change_camera:169 - Changing camera
2021-02-07 22:41:35,445 - ImageProcessing - WARNING - change_camera:180 - 'noise_variance' not explicitly defined by new camera, defaulting to 0
2021-02-07 22:41:35,445 - ImageProcessing - WARNING - change_camera:189 - 'exposure_limits' not explicitly defined by new camera, defaulting to (0, 1)
2021-02-07 22:41:35,446 - ImageProcessing - WARNING - change_camera:199 - 'bit_depth' not explicitly defined by new camera, defaulting to 0
2021-02-07 22:41:35,446 - ImageProcessing - WARNING - change_camera:208 - 'blur_variance' not explicitly defined by new camera, defaulting to 0
2021-02-07 22:41:35,446 - ImageProcessing - WARNING - change_camera:217 - 'rotational_variance' not explicitly defined by new camera, defaulting to 0
2021-02-07 22:41:35,446 - ImageProcessing - WARNING - change_camera:226 - 'stretch_variance' not explicitly defined by new camera, defaulting to 0
2021-02-07 22:41:35,482 - Utils - INFO - get_strategy:71 - Loading strategy 'stage_change_test'
2021-02-07 22:41:35,483 - DataHandling - INFO - __init__:376 - 
_____| Dataset |_____

2021-02-07 22:41:35,483 - DataHandling - INFO - __init__:377 - Max order of mode: 3

2021-02-07 22:41:35,483 - DataHandling - DEBUG - __init__:382 - [Hermite(0, 0, 1.0, 0.0), Hermite(0, 1, 1.0, 0.0), Hermite(0, 2, 1.0, 0.0), Hermite(1, 0, 1.0, 0.0), Hermite(1, 1, 1.0, 0.0), Hermite(1, 2, 1.0, 0.0), Hermite(2, 0, 1.0, 0.0), Hermite(2, 1, 1.0, 0.0), Hermite(2, 2, 1.0, 0.0), Laguerre(0, 0, 1.0, 0.0)]
2021-02-07 22:41:35,521 - Utils - INFO - get_cams:52 - Loading camera 'medium_errors'
2021-02-07 22:41:35,521 - ImageProcessing - INFO - change_camera:169 - Changing camera
2021-02-07 22:41:35,521 - ImageProcessing - DEBUG - change_camera:176 - New 'noise_variance' is 0.01
2021-02-07 22:41:35,521 - ImageProcessing - DEBUG - change_camera:185 - New 'exposure_limits' is [0.3, 1]
2021-02-07 22:41:35,521 - ImageProcessing - DEBUG - change_camera:194 - New 'bit_depth' is 0
2021-02-07 22:41:35,521 - ImageProcessing - DEBUG - change_camera:204 - New 'blur_variance' is 0.2
2021-02-07 22:41:35,521 - ImageProcessing - DEBUG - change_camera:213 - New 'rotational_variance' is 0.2
2021-02-07 22:41:35,521 - ImageProcessing - DEBUG - change_camera:222 - New 'stretch_variance' is 0.2
2021-02-07 22:41:54,300 - ImageProcessing - INFO - change_camera:169 - Changing camera
2021-02-07 22:41:54,300 - ImageProcessing - WARNING - change_camera:180 - 'noise_variance' not explicitly defined by new camera, defaulting to 0
2021-02-07 22:41:54,300 - ImageProcessing - WARNING - change_camera:189 - 'exposure_limits' not explicitly defined by new camera, defaulting to (0, 1)
2021-02-07 22:41:54,300 - ImageProcessing - WARNING - change_camera:199 - 'bit_depth' not explicitly defined by new camera, defaulting to 0
2021-02-07 22:41:54,300 - ImageProcessing - WARNING - change_camera:208 - 'blur_variance' not explicitly defined by new camera, defaulting to 0
2021-02-07 22:41:54,300 - ImageProcessing - WARNING - change_camera:217 - 'rotational_variance' not explicitly defined by new camera, defaulting to 0
2021-02-07 22:41:54,300 - ImageProcessing - WARNING - change_camera:226 - 'stretch_variance' not explicitly defined by new camera, defaulting to 0
2021-02-07 22:41:54,338 - Utils - INFO - get_strategy:71 - Loading strategy 'stage_change_test'
2021-02-07 22:41:54,338 - DataHandling - INFO - __init__:376 - 
_____| Dataset |_____

2021-02-07 22:41:54,338 - DataHandling - INFO - __init__:377 - Max order of mode: 3

2021-02-07 22:41:54,338 - DataHandling - DEBUG - __init__:382 - [Hermite(0, 0, 1.0, 0.0), Hermite(0, 1, 1.0, 0.0), Hermite(0, 2, 1.0, 0.0), Hermite(1, 0, 1.0, 0.0), Hermite(1, 1, 1.0, 0.0), Hermite(1, 2, 1.0, 0.0), Hermite(2, 0, 1.0, 0.0), Hermite(2, 1, 1.0, 0.0), Hermite(2, 2, 1.0, 0.0), Laguerre(0, 0, 1.0, 0.0)]
2021-02-07 22:41:54,376 - Utils - INFO - get_cams:52 - Loading camera 'medium_errors'
2021-02-07 22:41:54,376 - ImageProcessing - INFO - change_camera:169 - Changing camera
2021-02-07 22:41:54,376 - ImageProcessing - DEBUG - change_camera:176 - New 'noise_variance' is 0.01
2021-02-07 22:41:54,376 - ImageProcessing - DEBUG - change_camera:185 - New 'exposure_limits' is [0.3, 1]
2021-02-07 22:41:54,376 - ImageProcessing - DEBUG - change_camera:194 - New 'bit_depth' is 0
2021-02-07 22:41:54,376 - ImageProcessing - DEBUG - change_camera:204 - New 'blur_variance' is 0.2
2021-02-07 22:41:54,376 - ImageProcessing - DEBUG - change_camera:213 - New 'rotational_variance' is 0.2
2021-02-07 22:41:54,377 - ImageProcessing - DEBUG - change_camera:222 - New 'stretch_variance' is 0.2
2021-02-07 22:42:55,848 - ImageProcessing - INFO - change_camera:169 - Changing camera
2021-02-07 22:42:55,848 - ImageProcessing - WARNING - change_camera:180 - 'noise_variance' not explicitly defined by new camera, defaulting to 0
2021-02-07 22:42:55,848 - ImageProcessing - WARNING - change_camera:189 - 'exposure_limits' not explicitly defined by new camera, defaulting to (0, 1)
2021-02-07 22:42:55,848 - ImageProcessing - WARNING - change_camera:199 - 'bit_depth' not explicitly defined by new camera, defaulting to 0
2021-02-07 22:42:55,848 - ImageProcessing - WARNING - change_camera:208 - 'blur_variance' not explicitly defined by new camera, defaulting to 0
2021-02-07 22:42:55,848 - ImageProcessing - WARNING - change_camera:217 - 'rotational_variance' not explicitly defined by new camera, defaulting to 0
2021-02-07 22:42:55,848 - ImageProcessing - WARNING - change_camera:226 - 'stretch_variance' not explicitly defined by new camera, defaulting to 0
2021-02-07 22:42:55,883 - Utils - INFO - get_strategy:71 - Loading strategy 'stage_change_test'
2021-02-07 22:42:55,883 - DataHandling - INFO - __init__:376 - 
_____| Dataset |_____

2021-02-07 22:42:55,883 - DataHandling - INFO - __init__:377 - Max order of mode: 3

2021-02-07 22:42:55,883 - DataHandling - DEBUG - __init__:382 - [Hermite(0, 0, 1.0, 0.0), Hermite(0, 1, 1.0, 0.0), Hermite(0, 2, 1.0, 0.0), Hermite(1, 0, 1.0, 0.0), Hermite(1, 1, 1.0, 0.0), Hermite(1, 2, 1.0, 0.0), Hermite(2, 0, 1.0, 0.0), Hermite(2, 1, 1.0, 0.0), Hermite(2, 2, 1.0, 0.0), Laguerre(0, 0, 1.0, 0.0)]
2021-02-07 22:42:55,918 - Utils - INFO - get_cams:52 - Loading camera 'medium_errors'
2021-02-07 22:42:55,918 - ImageProcessing - INFO - change_camera:169 - Changing camera
2021-02-07 22:42:55,918 - ImageProcessing - DEBUG - change_camera:176 - New 'noise_variance' is 0.01
2021-02-07 22:42:55,918 - ImageProcessing - DEBUG - change_camera:185 - New 'exposure_limits' is [0.3, 1]
2021-02-07 22:42:55,918 - ImageProcessing - DEBUG - change_camera:194 - New 'bit_depth' is 0
2021-02-07 22:42:55,918 - ImageProcessing - DEBUG - change_camera:204 - New 'blur_variance' is 0.2
2021-02-07 22:42:55,919 - ImageProcessing - DEBUG - change_camera:213 - New 'rotational_variance' is 0.2
2021-02-07 22:42:55,919 - ImageProcessing - DEBUG - change_camera:222 - New 'stretch_variance' is 0.2
2021-02-07 22:43:32,709 - ImageProcessing - INFO - change_camera:169 - Changing camera
2021-02-07 22:43:32,710 - ImageProcessing - WARNING - change_camera:180 - 'noise_variance' not explicitly defined by new camera, defaulting to 0
2021-02-07 22:43:32,710 - ImageProcessing - WARNING - change_camera:189 - 'exposure_limits' not explicitly defined by new camera, defaulting to (0, 1)
2021-02-07 22:43:32,710 - ImageProcessing - WARNING - change_camera:199 - 'bit_depth' not explicitly defined by new camera, defaulting to 0
2021-02-07 22:43:32,710 - ImageProcessing - WARNING - change_camera:208 - 'blur_variance' not explicitly defined by new camera, defaulting to 0
2021-02-07 22:43:32,710 - ImageProcessing - WARNING - change_camera:217 - 'rotational_variance' not explicitly defined by new camera, defaulting to 0
2021-02-07 22:43:32,710 - ImageProcessing - WARNING - change_camera:226 - 'stretch_variance' not explicitly defined by new camera, defaulting to 0
2021-02-07 22:43:32,744 - Utils - INFO - get_strategy:71 - Loading strategy 'stage_change_test'
2021-02-07 22:43:32,744 - DataHandling - INFO - __init__:376 - 
_____| Dataset |_____

2021-02-07 22:43:32,744 - DataHandling - INFO - __init__:377 - Max order of mode: 3

2021-02-07 22:43:32,744 - DataHandling - DEBUG - __init__:382 - [Hermite(0, 0, 1.0, 0.0), Hermite(0, 1, 1.0, 0.0), Hermite(0, 2, 1.0, 0.0), Hermite(1, 0, 1.0, 0.0), Hermite(1, 1, 1.0, 0.0), Hermite(1, 2, 1.0, 0.0), Hermite(2, 0, 1.0, 0.0), Hermite(2, 1, 1.0, 0.0), Hermite(2, 2, 1.0, 0.0), Laguerre(0, 0, 1.0, 0.0)]
2021-02-07 22:43:32,777 - Utils - INFO - get_cams:52 - Loading camera 'medium_errors'
2021-02-07 22:43:32,777 - ImageProcessing - INFO - change_camera:169 - Changing camera
2021-02-07 22:43:32,777 - ImageProcessing - DEBUG - change_camera:176 - New 'noise_variance' is 0.01
2021-02-07 22:43:32,777 - ImageProcessing - DEBUG - change_camera:185 - New 'exposure_limits' is [0.3, 1]
2021-02-07 22:43:32,777 - ImageProcessing - DEBUG - change_camera:194 - New 'bit_depth' is 0
2021-02-07 22:43:32,777 - ImageProcessing - DEBUG - change_camera:204 - New 'blur_variance' is 0.2
2021-02-07 22:43:32,777 - ImageProcessing - DEBUG - change_camera:213 - New 'rotational_variance' is 0.2
2021-02-07 22:43:32,777 - ImageProcessing - DEBUG - change_camera:222 - New 'stretch_variance' is 0.2
2021-02-07 22:43:53,340 - ImageProcessing - INFO - change_camera:169 - Changing camera
2021-02-07 22:43:53,340 - ImageProcessing - WARNING - change_camera:180 - 'noise_variance' not explicitly defined by new camera, defaulting to 0
2021-02-07 22:43:53,340 - ImageProcessing - WARNING - change_camera:189 - 'exposure_limits' not explicitly defined by new camera, defaulting to (0, 1)
2021-02-07 22:43:53,340 - ImageProcessing - WARNING - change_camera:199 - 'bit_depth' not explicitly defined by new camera, defaulting to 0
2021-02-07 22:43:53,340 - ImageProcessing - WARNING - change_camera:208 - 'blur_variance' not explicitly defined by new camera, defaulting to 0
2021-02-07 22:43:53,340 - ImageProcessing - WARNING - change_camera:217 - 'rotational_variance' not explicitly defined by new camera, defaulting to 0
2021-02-07 22:43:53,340 - ImageProcessing - WARNING - change_camera:226 - 'stretch_variance' not explicitly defined by new camera, defaulting to 0
2021-02-07 22:43:53,373 - Utils - INFO - get_strategy:71 - Loading strategy 'stage_change_test'
2021-02-07 22:43:53,373 - DataHandling - INFO - __init__:376 - 
_____| Dataset |_____

2021-02-07 22:43:53,373 - DataHandling - INFO - __init__:377 - Max order of mode: 3

2021-02-07 22:43:53,373 - DataHandling - DEBUG - __init__:382 - [Hermite(0, 0, 1.0, 0.0), Hermite(0, 1, 1.0, 0.0), Hermite(0, 2, 1.0, 0.0), Hermite(1, 0, 1.0, 0.0), Hermite(1, 1, 1.0, 0.0), Hermite(1, 2, 1.0, 0.0), Hermite(2, 0, 1.0, 0.0), Hermite(2, 1, 1.0, 0.0), Hermite(2, 2, 1.0, 0.0), Laguerre(0, 0, 1.0, 0.0)]
2021-02-07 22:43:53,407 - Utils - INFO - get_cams:52 - Loading camera 'medium_errors'
2021-02-07 22:43:53,407 - ImageProcessing - INFO - change_camera:169 - Changing camera
2021-02-07 22:43:53,407 - ImageProcessing - DEBUG - change_camera:176 - New 'noise_variance' is 0.01
2021-02-07 22:43:53,407 - ImageProcessing - DEBUG - change_camera:185 - New 'exposure_limits' is [0.3, 1]
2021-02-07 22:43:53,407 - ImageProcessing - DEBUG - change_camera:194 - New 'bit_depth' is 0
2021-02-07 22:43:53,407 - ImageProcessing - DEBUG - change_camera:204 - New 'blur_variance' is 0.2
2021-02-07 22:43:53,407 - ImageProcessing - DEBUG - change_camera:213 - New 'rotational_variance' is 0.2
2021-02-07 22:43:53,407 - ImageProcessing - DEBUG - change_camera:222 - New 'stretch_variance' is 0.2
2021-02-07 22:44:29,122 - ImageProcessing - INFO - change_camera:169 - Changing camera
2021-02-07 22:44:29,122 - ImageProcessing - WARNING - change_camera:180 - 'noise_variance' not explicitly defined by new camera, defaulting to 0
2021-02-07 22:44:29,122 - ImageProcessing - WARNING - change_camera:189 - 'exposure_limits' not explicitly defined by new camera, defaulting to (0, 1)
2021-02-07 22:44:29,122 - ImageProcessing - WARNING - change_camera:199 - 'bit_depth' not explicitly defined by new camera, defaulting to 0
2021-02-07 22:44:29,122 - ImageProcessing - WARNING - change_camera:208 - 'blur_variance' not explicitly defined by new camera, defaulting to 0
2021-02-07 22:44:29,122 - ImageProcessing - WARNING - change_camera:217 - 'rotational_variance' not explicitly defined by new camera, defaulting to 0
2021-02-07 22:44:29,122 - ImageProcessing - WARNING - change_camera:226 - 'stretch_variance' not explicitly defined by new camera, defaulting to 0
2021-02-07 22:44:29,155 - Utils - INFO - get_strategy:71 - Loading strategy 'stage_change_test'
2021-02-07 22:44:29,155 - DataHandling - INFO - __init__:376 - 
_____| Dataset |_____

2021-02-07 22:44:29,155 - DataHandling - INFO - __init__:377 - Max order of mode: 3

2021-02-07 22:44:29,156 - DataHandling - DEBUG - __init__:382 - [Hermite(0, 0, 1.0, 0.0), Hermite(0, 1, 1.0, 0.0), Hermite(0, 2, 1.0, 0.0), Hermite(1, 0, 1.0, 0.0), Hermite(1, 1, 1.0, 0.0), Hermite(1, 2, 1.0, 0.0), Hermite(2, 0, 1.0, 0.0), Hermite(2, 1, 1.0, 0.0), Hermite(2, 2, 1.0, 0.0), Laguerre(0, 0, 1.0, 0.0)]
2021-02-07 22:44:29,189 - Utils - INFO - get_cams:52 - Loading camera 'medium_errors'
2021-02-07 22:44:29,189 - ImageProcessing - INFO - change_camera:169 - Changing camera
2021-02-07 22:44:29,189 - ImageProcessing - DEBUG - change_camera:176 - New 'noise_variance' is 0.01
2021-02-07 22:44:29,189 - ImageProcessing - DEBUG - change_camera:185 - New 'exposure_limits' is [0.3, 1]
2021-02-07 22:44:29,189 - ImageProcessing - DEBUG - change_camera:194 - New 'bit_depth' is 0
2021-02-07 22:44:29,189 - ImageProcessing - DEBUG - change_camera:204 - New 'blur_variance' is 0.2
2021-02-07 22:44:29,189 - ImageProcessing - DEBUG - change_camera:213 - New 'rotational_variance' is 0.2
2021-02-07 22:44:29,189 - ImageProcessing - DEBUG - change_camera:222 - New 'stretch_variance' is 0.2
2021-02-07 22:45:07,471 - ImageProcessing - INFO - change_camera:169 - Changing camera
2021-02-07 22:45:07,472 - ImageProcessing - WARNING - change_camera:180 - 'noise_variance' not explicitly defined by new camera, defaulting to 0
2021-02-07 22:45:07,472 - ImageProcessing - WARNING - change_camera:189 - 'exposure_limits' not explicitly defined by new camera, defaulting to (0, 1)
2021-02-07 22:45:07,472 - ImageProcessing - WARNING - change_camera:199 - 'bit_depth' not explicitly defined by new camera, defaulting to 0
2021-02-07 22:45:07,472 - ImageProcessing - WARNING - change_camera:208 - 'blur_variance' not explicitly defined by new camera, defaulting to 0
2021-02-07 22:45:07,472 - ImageProcessing - WARNING - change_camera:217 - 'rotational_variance' not explicitly defined by new camera, defaulting to 0
2021-02-07 22:45:07,472 - ImageProcessing - WARNING - change_camera:226 - 'stretch_variance' not explicitly defined by new camera, defaulting to 0
2021-02-07 22:45:07,505 - Utils - INFO - get_strategy:71 - Loading strategy 'stage_change_test'
2021-02-07 22:45:07,505 - DataHandling - INFO - __init__:376 - 
_____| Dataset |_____

2021-02-07 22:45:07,505 - DataHandling - INFO - __init__:377 - Max order of mode: 3

2021-02-07 22:45:07,505 - DataHandling - DEBUG - __init__:382 - [Hermite(0, 0, 1.0, 0.0), Hermite(0, 1, 1.0, 0.0), Hermite(0, 2, 1.0, 0.0), Hermite(1, 0, 1.0, 0.0), Hermite(1, 1, 1.0, 0.0), Hermite(1, 2, 1.0, 0.0), Hermite(2, 0, 1.0, 0.0), Hermite(2, 1, 1.0, 0.0), Hermite(2, 2, 1.0, 0.0), Laguerre(0, 0, 1.0, 0.0)]
2021-02-07 22:45:07,540 - Utils - INFO - get_cams:52 - Loading camera 'medium_errors'
2021-02-07 22:45:07,540 - ImageProcessing - INFO - change_camera:169 - Changing camera
2021-02-07 22:45:07,540 - ImageProcessing - DEBUG - change_camera:176 - New 'noise_variance' is 0.01
2021-02-07 22:45:07,540 - ImageProcessing - DEBUG - change_camera:185 - New 'exposure_limits' is [0.3, 1]
2021-02-07 22:45:07,540 - ImageProcessing - DEBUG - change_camera:194 - New 'bit_depth' is 0
2021-02-07 22:45:07,540 - ImageProcessing - DEBUG - change_camera:204 - New 'blur_variance' is 0.2
2021-02-07 22:45:07,540 - ImageProcessing - DEBUG - change_camera:213 - New 'rotational_variance' is 0.2
2021-02-07 22:45:07,540 - ImageProcessing - DEBUG - change_camera:222 - New 'stretch_variance' is 0.2
2021-02-07 22:45:27,115 - ImageProcessing - INFO - change_camera:169 - Changing camera
2021-02-07 22:45:27,115 - ImageProcessing - WARNING - change_camera:180 - 'noise_variance' not explicitly defined by new camera, defaulting to 0
2021-02-07 22:45:27,115 - ImageProcessing - WARNING - change_camera:189 - 'exposure_limits' not explicitly defined by new camera, defaulting to (0, 1)
2021-02-07 22:45:27,115 - ImageProcessing - WARNING - change_camera:199 - 'bit_depth' not explicitly defined by new camera, defaulting to 0
2021-02-07 22:45:27,115 - ImageProcessing - WARNING - change_camera:208 - 'blur_variance' not explicitly defined by new camera, defaulting to 0
2021-02-07 22:45:27,115 - ImageProcessing - WARNING - change_camera:217 - 'rotational_variance' not explicitly defined by new camera, defaulting to 0
2021-02-07 22:45:27,115 - ImageProcessing - WARNING - change_camera:226 - 'stretch_variance' not explicitly defined by new camera, defaulting to 0
2021-02-07 22:45:27,149 - Utils - INFO - get_strategy:71 - Loading strategy 'stage_change_test'
2021-02-07 22:45:27,149 - DataHandling - INFO - __init__:376 - 
_____| Dataset |_____

2021-02-07 22:45:27,149 - DataHandling - INFO - __init__:377 - Max order of mode: 3

2021-02-07 22:45:27,150 - DataHandling - DEBUG - __init__:382 - [Hermite(0, 0, 1.0, 0.0), Hermite(0, 1, 1.0, 0.0), Hermite(0, 2, 1.0, 0.0), Hermite(1, 0, 1.0, 0.0), Hermite(1, 1, 1.0, 0.0), Hermite(1, 2, 1.0, 0.0), Hermite(2, 0, 1.0, 0.0), Hermite(2, 1, 1.0, 0.0), Hermite(2, 2, 1.0, 0.0), Laguerre(0, 0, 1.0, 0.0)]
2021-02-07 22:45:27,183 - Utils - INFO - get_cams:52 - Loading camera 'medium_errors'
2021-02-07 22:45:27,184 - ImageProcessing - INFO - change_camera:169 - Changing camera
2021-02-07 22:45:27,184 - ImageProcessing - DEBUG - change_camera:176 - New 'noise_variance' is 0.01
2021-02-07 22:45:27,184 - ImageProcessing - DEBUG - change_camera:185 - New 'exposure_limits' is [0.3, 1]
2021-02-07 22:45:27,184 - ImageProcessing - DEBUG - change_camera:194 - New 'bit_depth' is 0
2021-02-07 22:45:27,184 - ImageProcessing - DEBUG - change_camera:204 - New 'blur_variance' is 0.2
2021-02-07 22:45:27,184 - ImageProcessing - DEBUG - change_camera:213 - New 'rotational_variance' is 0.2
2021-02-07 22:45:27,184 - ImageProcessing - DEBUG - change_camera:222 - New 'stretch_variance' is 0.2
2021-02-07 22:45:56,492 - ImageProcessing - INFO - change_camera:169 - Changing camera
2021-02-07 22:45:56,492 - ImageProcessing - WARNING - change_camera:180 - 'noise_variance' not explicitly defined by new camera, defaulting to 0
2021-02-07 22:45:56,492 - ImageProcessing - WARNING - change_camera:189 - 'exposure_limits' not explicitly defined by new camera, defaulting to (0, 1)
2021-02-07 22:45:56,493 - ImageProcessing - WARNING - change_camera:199 - 'bit_depth' not explicitly defined by new camera, defaulting to 0
2021-02-07 22:45:56,493 - ImageProcessing - WARNING - change_camera:208 - 'blur_variance' not explicitly defined by new camera, defaulting to 0
2021-02-07 22:45:56,493 - ImageProcessing - WARNING - change_camera:217 - 'rotational_variance' not explicitly defined by new camera, defaulting to 0
2021-02-07 22:45:56,493 - ImageProcessing - WARNING - change_camera:226 - 'stretch_variance' not explicitly defined by new camera, defaulting to 0
2021-02-07 22:45:56,527 - Utils - INFO - get_strategy:71 - Loading strategy 'stage_change_test'
2021-02-07 22:45:56,527 - DataHandling - INFO - __init__:376 - 
_____| Dataset |_____

2021-02-07 22:45:56,527 - DataHandling - INFO - __init__:377 - Max order of mode: 3

2021-02-07 22:45:56,527 - DataHandling - DEBUG - __init__:382 - [Hermite(0, 0, 1.0, 0.0), Hermite(0, 1, 1.0, 0.0), Hermite(0, 2, 1.0, 0.0), Hermite(1, 0, 1.0, 0.0), Hermite(1, 1, 1.0, 0.0), Hermite(1, 2, 1.0, 0.0), Hermite(2, 0, 1.0, 0.0), Hermite(2, 1, 1.0, 0.0), Hermite(2, 2, 1.0, 0.0), Laguerre(0, 0, 1.0, 0.0)]
2021-02-07 22:45:56,562 - Utils - INFO - get_cams:52 - Loading camera 'medium_errors'
2021-02-07 22:45:56,562 - ImageProcessing - INFO - change_camera:169 - Changing camera
2021-02-07 22:45:56,562 - ImageProcessing - DEBUG - change_camera:176 - New 'noise_variance' is 0.01
2021-02-07 22:45:56,562 - ImageProcessing - DEBUG - change_camera:185 - New 'exposure_limits' is [0.3, 1]
2021-02-07 22:45:56,562 - ImageProcessing - DEBUG - change_camera:194 - New 'bit_depth' is 0
2021-02-07 22:45:56,562 - ImageProcessing - DEBUG - change_camera:204 - New 'blur_variance' is 0.2
2021-02-07 22:45:56,563 - ImageProcessing - DEBUG - change_camera:213 - New 'rotational_variance' is 0.2
2021-02-07 22:45:56,563 - ImageProcessing - DEBUG - change_camera:222 - New 'stretch_variance' is 0.2
