2021-02-10 16:26:51,527 - Utils - INFO - get_cams:52 - Loading camera 'large_errors'
2021-02-10 16:26:51,527 - ImageProcessing - INFO - change_camera:169 - Changing camera
2021-02-10 16:26:51,527 - ImageProcessing - DEBUG - change_camera:176 - New 'noise_variance' is 0.02
2021-02-10 16:26:51,527 - ImageProcessing - DEBUG - change_camera:185 - New 'exposure_limits' is [0.4, 1]
2021-02-10 16:26:51,527 - ImageProcessing - DEBUG - change_camera:194 - New 'bit_depth' is 0
2021-02-10 16:26:51,527 - ImageProcessing - DEBUG - change_camera:204 - New 'blur_variance' is 0.3
2021-02-10 16:26:51,528 - ImageProcessing - DEBUG - change_camera:213 - New 'rotational_variance' is 0.3
2021-02-10 16:26:51,528 - ImageProcessing - DEBUG - change_camera:222 - New 'stretch_variance' is 0.3
2021-02-10 16:27:34,191 - Utils - INFO - get_cams:52 - Loading camera 'large_errors'
2021-02-10 16:27:34,191 - ImageProcessing - INFO - change_camera:169 - Changing camera
2021-02-10 16:27:34,191 - ImageProcessing - DEBUG - change_camera:176 - New 'noise_variance' is 0.1
2021-02-10 16:27:34,191 - ImageProcessing - DEBUG - change_camera:185 - New 'exposure_limits' is [0.4, 1]
2021-02-10 16:27:34,191 - ImageProcessing - DEBUG - change_camera:194 - New 'bit_depth' is 0
2021-02-10 16:27:34,192 - ImageProcessing - DEBUG - change_camera:204 - New 'blur_variance' is 0.3
2021-02-10 16:27:34,192 - ImageProcessing - DEBUG - change_camera:213 - New 'rotational_variance' is 0.2
2021-02-10 16:27:34,192 - ImageProcessing - DEBUG - change_camera:222 - New 'stretch_variance' is 0.2
2021-02-10 16:27:43,138 - Utils - INFO - get_cams:52 - Loading camera 'large_errors'
2021-02-10 16:27:43,139 - ImageProcessing - INFO - change_camera:169 - Changing camera
2021-02-10 16:27:43,139 - ImageProcessing - DEBUG - change_camera:176 - New 'noise_variance' is 0.1
2021-02-10 16:27:43,139 - ImageProcessing - DEBUG - change_camera:185 - New 'exposure_limits' is [0.4, 1]
2021-02-10 16:27:43,139 - ImageProcessing - DEBUG - change_camera:194 - New 'bit_depth' is 0
2021-02-10 16:27:43,139 - ImageProcessing - DEBUG - change_camera:204 - New 'blur_variance' is 0.3
2021-02-10 16:27:43,139 - ImageProcessing - DEBUG - change_camera:213 - New 'rotational_variance' is 0.2
2021-02-10 16:27:43,139 - ImageProcessing - DEBUG - change_camera:222 - New 'stretch_variance' is 0.2
2021-02-10 16:28:13,488 - Utils - INFO - get_cams:52 - Loading camera 'large_errors'
2021-02-10 16:28:13,488 - ImageProcessing - INFO - change_camera:169 - Changing camera
2021-02-10 16:28:13,488 - ImageProcessing - DEBUG - change_camera:176 - New 'noise_variance' is 0.1
2021-02-10 16:28:13,488 - ImageProcessing - DEBUG - change_camera:185 - New 'exposure_limits' is [0.4, 1]
2021-02-10 16:28:13,488 - ImageProcessing - DEBUG - change_camera:194 - New 'bit_depth' is 0
2021-02-10 16:28:13,488 - ImageProcessing - DEBUG - change_camera:204 - New 'blur_variance' is 0.3
2021-02-10 16:28:13,488 - ImageProcessing - DEBUG - change_camera:213 - New 'rotational_variance' is 0.02
2021-02-10 16:28:13,488 - ImageProcessing - DEBUG - change_camera:222 - New 'stretch_variance' is 0.02
2021-02-10 16:28:22,128 - Utils - INFO - get_cams:52 - Loading camera 'large_errors'
2021-02-10 16:28:22,128 - ImageProcessing - INFO - change_camera:169 - Changing camera
2021-02-10 16:28:22,128 - ImageProcessing - DEBUG - change_camera:176 - New 'noise_variance' is 0.1
2021-02-10 16:28:22,128 - ImageProcessing - DEBUG - change_camera:185 - New 'exposure_limits' is [0.4, 1]
2021-02-10 16:28:22,128 - ImageProcessing - DEBUG - change_camera:194 - New 'bit_depth' is 0
2021-02-10 16:28:22,128 - ImageProcessing - DEBUG - change_camera:204 - New 'blur_variance' is 0.3
2021-02-10 16:28:22,128 - ImageProcessing - DEBUG - change_camera:213 - New 'rotational_variance' is 0.02
2021-02-10 16:28:22,128 - ImageProcessing - DEBUG - change_camera:222 - New 'stretch_variance' is 0.02
