2021-02-15 16:51:53,559 - ImageProcessing - INFO - change_camera:169 - Changing camera
2021-02-15 16:51:53,559 - ImageProcessing - WARNING - change_camera:180 - 'noise_variance' not explicitly defined by new camera, defaulting to 0
2021-02-15 16:51:53,559 - ImageProcessing - WARNING - change_camera:189 - 'exposure_limits' not explicitly defined by new camera, defaulting to (0, 1)
2021-02-15 16:51:53,559 - ImageProcessing - WARNING - change_camera:199 - 'bit_depth' not explicitly defined by new camera, defaulting to 0
2021-02-15 16:51:53,559 - ImageProcessing - WARNING - change_camera:208 - 'blur_variance' not explicitly defined by new camera, defaulting to 0
2021-02-15 16:51:53,559 - ImageProcessing - WARNING - change_camera:217 - 'rotational_variance' not explicitly defined by new camera, defaulting to 0
2021-02-15 16:51:53,559 - ImageProcessing - WARNING - change_camera:226 - 'stretch_variance' not explicitly defined by new camera, defaulting to 0
2021-02-15 16:51:53,599 - Utils - INFO - get_strategy:71 - Loading strategy 'default'
2021-02-15 16:51:53,599 - DataHandling - INFO - __init__:389 - Dataset initialised!
2021-02-15 16:51:53,599 - DataHandling - INFO - __init__:390 - Max order of mode: 3
2021-02-15 16:51:53,600 - DataHandling - DEBUG - __init__:396 - [Hermite(0, 0, 1.0, 0.0), Hermite(0, 1, 1.0, 0.0), Hermite(0, 2, 1.0, 0.0), Hermite(1, 0, 1.0, 0.0), Hermite(1, 1, 1.0, 0.0), Hermite(1, 2, 1.0, 0.0), Hermite(2, 0, 1.0, 0.0), Hermite(2, 1, 1.0, 0.0), Hermite(2, 2, 1.0, 0.0), Laguerre(0, 0, 1.0, 0.0)]
2021-02-15 16:52:02,597 - ImageProcessing - INFO - change_camera:169 - Changing camera
2021-02-15 16:52:02,597 - ImageProcessing - WARNING - change_camera:180 - 'noise_variance' not explicitly defined by new camera, defaulting to 0
2021-02-15 16:52:02,598 - ImageProcessing - WARNING - change_camera:189 - 'exposure_limits' not explicitly defined by new camera, defaulting to (0, 1)
2021-02-15 16:52:02,598 - ImageProcessing - WARNING - change_camera:199 - 'bit_depth' not explicitly defined by new camera, defaulting to 0
2021-02-15 16:52:02,598 - ImageProcessing - WARNING - change_camera:208 - 'blur_variance' not explicitly defined by new camera, defaulting to 0
2021-02-15 16:52:02,598 - ImageProcessing - WARNING - change_camera:217 - 'rotational_variance' not explicitly defined by new camera, defaulting to 0
2021-02-15 16:52:02,598 - ImageProcessing - WARNING - change_camera:226 - 'stretch_variance' not explicitly defined by new camera, defaulting to 0
2021-02-15 16:52:02,633 - Utils - INFO - get_strategy:71 - Loading strategy 'default'
2021-02-15 16:52:02,633 - DataHandling - INFO - __init__:389 - Dataset initialised!
2021-02-15 16:52:02,633 - DataHandling - INFO - __init__:390 - Max order of mode: 3
2021-02-15 16:52:02,633 - DataHandling - DEBUG - __init__:396 - [Hermite(0, 0, 1.0, 0.0), Hermite(0, 1, 1.0, 0.0), Hermite(0, 2, 1.0, 0.0), Hermite(1, 0, 1.0, 0.0), Hermite(1, 1, 1.0, 0.0), Hermite(1, 2, 1.0, 0.0), Hermite(2, 0, 1.0, 0.0), Hermite(2, 1, 1.0, 0.0), Hermite(2, 2, 1.0, 0.0), Laguerre(0, 0, 1.0, 0.0)]
2021-02-15 16:52:25,457 - ImageProcessing - INFO - change_camera:169 - Changing camera
2021-02-15 16:52:25,458 - ImageProcessing - WARNING - change_camera:180 - 'noise_variance' not explicitly defined by new camera, defaulting to 0
2021-02-15 16:52:25,458 - ImageProcessing - WARNING - change_camera:189 - 'exposure_limits' not explicitly defined by new camera, defaulting to (0, 1)
2021-02-15 16:52:25,458 - ImageProcessing - WARNING - change_camera:199 - 'bit_depth' not explicitly defined by new camera, defaulting to 0
2021-02-15 16:52:25,458 - ImageProcessing - WARNING - change_camera:208 - 'blur_variance' not explicitly defined by new camera, defaulting to 0
2021-02-15 16:52:25,458 - ImageProcessing - WARNING - change_camera:217 - 'rotational_variance' not explicitly defined by new camera, defaulting to 0
2021-02-15 16:52:25,458 - ImageProcessing - WARNING - change_camera:226 - 'stretch_variance' not explicitly defined by new camera, defaulting to 0
2021-02-15 16:52:25,494 - Utils - INFO - get_strategy:71 - Loading strategy 'default'
2021-02-15 16:52:25,494 - DataHandling - INFO - __init__:389 - Dataset initialised!
2021-02-15 16:52:25,494 - DataHandling - INFO - __init__:390 - Max order of mode: 3
2021-02-15 16:52:25,494 - DataHandling - DEBUG - __init__:396 - [Hermite(0, 0, 1.0, 0.0), Hermite(0, 1, 1.0, 0.0), Hermite(0, 2, 1.0, 0.0), Hermite(1, 0, 1.0, 0.0), Hermite(1, 1, 1.0, 0.0), Hermite(1, 2, 1.0, 0.0), Hermite(2, 0, 1.0, 0.0), Hermite(2, 1, 1.0, 0.0), Hermite(2, 2, 1.0, 0.0), Laguerre(0, 0, 1.0, 0.0)]
